#
# A fatal error has been detected by the Java Runtime Environment:
#
#  Internal Error (safepoint.cpp:716), pid=4402, tid=0x0000000000008703
#  fatal error: Illegal threadstate encountered: 4
#
# JRE version: Java(TM) SE Runtime Environment (8.0_281-b09) (build 1.8.0_281-b09)
# Java VM: Java HotSpot(TM) 64-Bit Server VM (25.281-b09 mixed mode bsd-amd64 compressed oops)
# Failed to write core dump. Core dumps have been disabled. To enable core dumping, try "ulimit -c unlimited" before starting Java again
#
# If you would like to submit a bug report, please visit:
#   http://bugreport.java.com/bugreport/crash.jsp
# The crash happened outside the Java Virtual Machine in native code.
# See problematic frame for where to report the bug.
#

---------------  T H R E A D  ---------------

Current thread (0x00007fc680818800):  JavaThread "Thread-2" daemon [_thread_in_native, id=34563, stack(0x0000700005496000,0x0000700005596000)]

Stack: [0x0000700005496000,0x0000700005596000],  sp=0x0000700005594f10,  free space=1019k
Native frames: (J=compiled Java code, j=interpreted, Vv=VM code, C=native code)
V  [libjvm.dylib+0x5a1497]
V  [libjvm.dylib+0x1d8577]
V  [libjvm.dylib+0x4eb4c9]
V  [libjvm.dylib+0x566bf3]
V  [libjvm.dylib+0x2fd108]
C  [libglass.dylib+0x8988]  -[GlassRunnable dealloc]+0x28
C  [Foundation+0x818be]  -[_NSThreadPerformInfo dealloc]+0x2a
C  [Foundation+0x4e446]  -[NSObject(NSThreadPerformAdditions) performSelectorOnMainThread:withObject:waitUntilDone:]+0x7c
J 1189  com.sun.glass.ui.mac.MacApplication._submitForLaterInvocation(Ljava/lang/Runnable;)V (0 bytes) @ 0x00000001191172bc [0x0000000119117200+0xbc]
J 1207 C1 com.sun.glass.ui.mac.MacApplication.submitForLaterInvocation(Ljava/lang/Runnable;)V (6 bytes) @ 0x0000000119124dfc [0x0000000119124d80+0x7c]
j  com.sun.glass.ui.InvokeLaterDispatcher.run()V+82
v  ~StubRoutines::call_stub
V  [libjvm.dylib+0x2d5599]
V  [libjvm.dylib+0x2d4264]
V  [libjvm.dylib+0x2d447f]
V  [libjvm.dylib+0x342b21]
V  [libjvm.dylib+0x5653f2]
V  [libjvm.dylib+0x5652b7]
V  [libjvm.dylib+0x490329]
C  [libsystem_pthread.dylib+0x64e1]  _pthread_start+0x7d
C  [libsystem_pthread.dylib+0x1f6b]  thread_start+0xf
C  0x0000000000000000

Java frames: (J=compiled Java code, j=interpreted, Vv=VM code)
J 1189  com.sun.glass.ui.mac.MacApplication._submitForLaterInvocation(Ljava/lang/Runnable;)V (0 bytes) @ 0x000000011911724c [0x0000000119117200+0x4c]
J 1207 C1 com.sun.glass.ui.mac.MacApplication.submitForLaterInvocation(Ljava/lang/Runnable;)V (6 bytes) @ 0x0000000119124dfc [0x0000000119124d80+0x7c]
j  com.sun.glass.ui.InvokeLaterDispatcher.run()V+82
v  ~StubRoutines::call_stub

---------------  P R O C E S S  ---------------

Java Threads: ( => current thread )
  0x00007fc6c015c000 JavaThread "Prism Font Disposer" daemon [_thread_blocked, id=100611, stack(0x00007000063c9000,0x00007000064c9000)]
  0x00007fc6e88c7800 JavaThread "Direct Clip" daemon [_thread_blocked, id=100099, stack(0x00007000062c6000,0x00007000063c6000)]
  0x00007fc6e88c7000 JavaThread "Direct Clip" daemon [_thread_blocked, id=118787, stack(0x00007000061c3000,0x00007000062c3000)]
  0x00007fc6eb161000 JavaThread "Direct Clip" daemon [_thread_blocked, id=119043, stack(0x00007000060c0000,0x00007000061c0000)]
  0x00007fc6c0158000 JavaThread "Direct Clip" daemon [_thread_in_vm, id=99331, stack(0x0000700005fbd000,0x00007000060bd000)]
  0x00007fc6c014e000 JavaThread "Direct Clip" daemon [_thread_blocked, id=119555, stack(0x0000700005eba000,0x0000700005fba000)]
  0x00007fc6e813b000 JavaThread "Direct Clip" daemon [_thread_blocked, id=99075, stack(0x0000700005db7000,0x0000700005eb7000)]
  0x00007fc6e98e8800 JavaThread "Direct Clip" daemon [_thread_blocked, id=98823, stack(0x0000700005cb4000,0x0000700005db4000)]
  0x00007fc6c0147000 JavaThread "Java Sound Event Dispatcher" daemon [_thread_blocked, id=120835, stack(0x0000700005bb1000,0x0000700005cb1000)]
  0x00007fc6ea8bc800 JavaThread "Thread-7" [_thread_blocked, id=60419, stack(0x0000700005a2b000,0x0000700005b2b000)]
  0x00007fc6ea8bc000 JavaThread "Thread-6" [_thread_in_Java, id=59907, stack(0x0000700005928000,0x0000700005a28000)]
  0x00007fc6ea8a9000 JavaThread "Thread-5" [_thread_blocked, id=74755, stack(0x0000700005825000,0x0000700005925000)]
  0x00007fc6e889f000 JavaThread "Thread-4" [_thread_blocked, id=75015, stack(0x0000700005722000,0x0000700005822000)]
  0x00007fc6e98ce000 JavaThread "PulseTimer-CVDisplayLink thread" daemon [_thread_blocked, id=49671, stack(0x000070000561c000,0x000070000569c000)]
  0x00007fc6eb102800 JavaThread "JavaFX Application Thread" [_thread_blocked, id=259, stack(0x00007ff7b43f5000,0x00007ff7b4bf5000)]
=>0x00007fc680818800 JavaThread "Thread-2" daemon [_thread_in_native, id=34563, stack(0x0000700005496000,0x0000700005596000)]
  0x00007fc6e8870000 JavaThread "Attach Listener" daemon [_thread_blocked, id=26887, stack(0x0000700005393000,0x0000700005493000)]
  0x00007fc6eb8a5800 JavaThread "QuantumRenderer-0" daemon [_thread_blocked, id=24323, stack(0x0000700005290000,0x0000700005390000)]
  0x00007fc6e989d800 JavaThread "JavaFX-Launcher" [_thread_blocked, id=24067, stack(0x000070000518d000,0x000070000528d000)]
  0x00007fc6e8844800 JavaThread "Service Thread" daemon [_thread_blocked, id=39683, stack(0x0000700004f87000,0x0000700005087000)]
  0x00007fc6ec027000 JavaThread "C1 CompilerThread11" daemon [_thread_blocked, id=40195, stack(0x0000700004e84000,0x0000700004f84000)]
  0x00007fc6ec026800 JavaThread "C1 CompilerThread10" daemon [_thread_in_vm, id=23299, stack(0x0000700004d81000,0x0000700004e81000)]
  0x00007fc6ea834000 JavaThread "C1 CompilerThread9" daemon [_thread_blocked, id=40451, stack(0x0000700004c7e000,0x0000700004d7e000)]
  0x00007fc6ea833800 JavaThread "C1 CompilerThread8" daemon [_thread_blocked, id=40963, stack(0x0000700004b7b000,0x0000700004c7b000)]
  0x00007fc6ea832800 JavaThread "C2 CompilerThread7" daemon [_thread_blocked, id=41219, stack(0x0000700004a78000,0x0000700004b78000)]
  0x00007fc6e806b800 JavaThread "C2 CompilerThread6" daemon [_thread_blocked, id=22531, stack(0x0000700004975000,0x0000700004a75000)]
  0x00007fc6e9864000 JavaThread "C2 CompilerThread5" daemon [_thread_blocked, id=41731, stack(0x0000700004872000,0x0000700004972000)]
  0x00007fc6e985b000 JavaThread "C2 CompilerThread4" daemon [_thread_blocked, id=42243, stack(0x000070000476f000,0x000070000486f000)]
  0x00007fc6e8833800 JavaThread "C2 CompilerThread3" daemon [_thread_blocked, id=42755, stack(0x000070000466c000,0x000070000476c000)]
  0x00007fc6e8833000 JavaThread "C2 CompilerThread2" daemon [_thread_blocked, id=22019, stack(0x0000700004569000,0x0000700004669000)]
  0x00007fc6eb053000 JavaThread "C2 CompilerThread1" daemon [_thread_blocked, id=21763, stack(0x0000700004466000,0x0000700004566000)]
  0x00007fc6eb052800 JavaThread "C2 CompilerThread0" daemon [_thread_blocked, id=15619, stack(0x0000700004363000,0x0000700004463000)]
  0x00007fc6e8062800 JavaThread "Monitor Ctrl-Break" daemon [_thread_in_native, id=15363, stack(0x0000700004260000,0x0000700004360000)]
  0x00007fc6e8817800 JavaThread "Signal Dispatcher" daemon [_thread_blocked, id=15107, stack(0x000070000415d000,0x000070000425d000)]
  0x00007fc6e9823800 JavaThread "Finalizer" daemon [_thread_blocked, id=18179, stack(0x0000700003f54000,0x0000700004054000)]
  0x00007fc6e9823000 JavaThread "Reference Handler" daemon [_thread_blocked, id=18435, stack(0x0000700003e51000,0x0000700003f51000)]
  0x00007fc6e800b800 JavaThread "main" [_thread_blocked, id=3587, stack(0x0000700002f24000,0x0000700003024000)]

Other Threads:
  0x00007fc6eb808800 VMThread [stack: 0x0000700003d4e000,0x0000700003e4e000] [id=12803]
  0x00007fc6c009f000 WatcherThread [stack: 0x000070000508a000,0x000070000518a000] [id=23811]

VM state:synchronizing (normal execution)

VM Mutex/Monitor currently owned by a thread:  ([mutex/lock_event])
[0x00006000002a0f00] Safepoint_lock - owner thread: 0x00007fc6eb808800
[0x00006000002a0f80] Threads_lock - owner thread: 0x00007fc6eb808800
[0x00006000002a1480] Heap_lock - owner thread: 0x00007fc6e889f000

heap address: 0x00000005c0000000, size: 8192 MB, Compressed Oops mode: Zero based, Oop shift amount: 3
Narrow klass base: 0x0000000000000000, Narrow klass shift: 3
Compressed class space size: 1073741824 Address: 0x00000007c0000000

Heap:
 PSYoungGen      total 153088K, used 138298K [0x0000000715580000, 0x0000000720000000, 0x00000007c0000000)
  eden space 131584K, 98% used [0x0000000715580000,0x000000071d40eae0,0x000000071d600000)
  from space 21504K, 40% used [0x000000071d600000,0x000000071de7fdb0,0x000000071eb00000)
  to   space 21504K, 0% used [0x000000071eb00000,0x000000071eb00000,0x0000000720000000)
 ParOldGen       total 349696K, used 19309K [0x00000005c0000000, 0x00000005d5580000, 0x0000000715580000)
  object space 349696K, 5% used [0x00000005c0000000,0x00000005c12db710,0x00000005d5580000)
 Metaspace       used 15437K, capacity 16022K, committed 16256K, reserved 1062912K
  class space    used 1996K, capacity 2169K, committed 2176K, reserved 1048576K

Card table byte_map: [0x000000010d02c000,0x000000010e02d000] byte_map_base: 0x000000010a22c000

Marking Bits: (ParMarkBitMap*) 0x000000010c951488
 Begin Bits: [0x0000000127b43000, 0x000000012fb43000)
 End Bits:   [0x000000012fb43000, 0x0000000137b43000)

Polling page: 0x000000010b45f000

CodeCache: size=245760Kb used=6391Kb max_used=6398Kb free=239368Kb
 bounds [0x0000000118b43000, 0x0000000119193000, 0x0000000127b43000]
 total_blobs=2006 nmethods=1322 adapters=594
 compilation: enabled

Compilation events (10 events):
Event: 3.548 Thread 0x00007fc6ea834000 nmethod 1322 0x0000000119179550 code [0x00000001191796a0, 0x00000001191797b0]
Event: 3.548 Thread 0x00007fc6ea833800 1324       3       javafx.scene.input.InputEvent::getEventType (5 bytes)
Event: 3.548 Thread 0x00007fc6ea833800 nmethod 1324 0x00000001191791d0 code [0x0000000119179340, 0x00000001191794b0]
Event: 3.548 Thread 0x00007fc6ec026800 nmethod 1323 0x0000000119181810 code [0x0000000119181980, 0x0000000119181b50]
Event: 3.549 Thread 0x00007fc6ea834000 1325       3       com.sun.javafx.iio.png.PNGImageLoader2::readChunk (24 bytes)
Event: 3.549 Thread 0x00007fc6ea834000 nmethod 1325 0x00000001191811d0 code [0x0000000119181360, 0x00000001191816d8]
Event: 3.550 Thread 0x00007fc6ec027000 1327       3       sun.util.calendar.ZoneInfo::getTransitionIndex (156 bytes)
Event: 3.550 Thread 0x00007fc6ec026800 1326       3       java.util.GregorianCalendar::computeFields (81 bytes)
Event: 3.550 Thread 0x00007fc6ea833800 1328       3       java.util.Calendar::isPartiallyNormalized (20 bytes)
Event: 3.550 Thread 0x00007fc6ea834000 1329       3       sun.util.calendar.CalendarDate::setNormalized (6 bytes)

GC Heap History (2 events):
Event: 2.531 GC heap before
{Heap before GC invocations=1 (full 0):
 PSYoungGen      total 153088K, used 85691K [0x0000000715580000, 0x0000000720000000, 0x00000007c0000000)
  eden space 131584K, 65% used [0x0000000715580000,0x000000071a92ec40,0x000000071d600000)
  from space 21504K, 0% used [0x000000071eb00000,0x000000071eb00000,0x0000000720000000)
  to   space 21504K, 0% used [0x000000071d600000,0x000000071d600000,0x000000071eb00000)
 ParOldGen       total 349696K, used 0K [0x00000005c0000000, 0x00000005d5580000, 0x0000000715580000)
  object space 349696K, 0% used [0x00000005c0000000,0x00000005c0000000,0x00000005d5580000)
 Metaspace       used 11511K, capacity 11966K, committed 12160K, reserved 1060864K
  class space    used 1495K, capacity 1629K, committed 1664K, reserved 1048576K
Event: 2.548 GC heap after
Heap after GC invocations=1 (full 0):
 PSYoungGen      total 153088K, used 8703K [0x0000000715580000, 0x0000000720000000, 0x00000007c0000000)
  eden space 131584K, 0% used [0x0000000715580000,0x0000000715580000,0x000000071d600000)
  from space 21504K, 40% used [0x000000071d600000,0x000000071de7fdb0,0x000000071eb00000)
  to   space 21504K, 0% used [0x000000071eb00000,0x000000071eb00000,0x0000000720000000)
 ParOldGen       total 349696K, used 19309K [0x00000005c0000000, 0x00000005d5580000, 0x0000000715580000)
  object space 349696K, 5% used [0x00000005c0000000,0x00000005c12db710,0x00000005d5580000)
 Metaspace       used 11511K, capacity 11966K, committed 12160K, reserved 1060864K
  class space    used 1495K, capacity 1629K, committed 1664K, reserved 1048576K
}

Deoptimization events (5 events):
Event: 1.916 Thread 0x00007fc6eb8a5800 Uncommon trap: reason=unstable_if action=reinterpret pc=0x0000000118ed2c24 method=java.lang.String.indexOf([CII[CIII)I @ 134
Event: 2.192 Thread 0x00007fc6eb102800 Uncommon trap: reason=unstable_if action=reinterpret pc=0x0000000118ec6bfc method=java.lang.String.replace(CC)Ljava/lang/String; @ 2
Event: 2.409 Thread 0x00007fc6ea8bc000 Uncommon trap: reason=unstable_if action=reinterpret pc=0x0000000118fa2d7c method=java.lang.AbstractStringBuilder.append(Ljava/lang/String;)Ljava/lang/AbstractStringBuilder; @ 1
Event: 2.409 Thread 0x00007fc6ea8bc000 Uncommon trap: reason=unstable_if action=reinterpret pc=0x0000000118f79dc8 method=java.lang.AbstractStringBuilder.append(Ljava/lang/String;)Ljava/lang/AbstractStringBuilder; @ 1
Event: 2.858 Thread 0x00007fc6eb102800 Uncommon trap: reason=unstable_if action=reinterpret pc=0x0000000118f53620 method=java.lang.CharacterData.of(I)Ljava/lang/CharacterData; @ 4

Classes redefined (0 events):
No events

Internal exceptions (10 events):
Event: 0.219 Thread 0x00007fc6e989d800 Exception <a 'java/security/PrivilegedActionException'> (0x000000071679acd8) thrown at [/jenkins/workspace/8-2-build-macosx-x86_64/jdk8u281/880/hotspot/src/share/vm/prims/jvm.cpp, line 1512]
Event: 0.219 Thread 0x00007fc6e989d800 Exception <a 'java/security/PrivilegedActionException'> (0x000000071679aee8) thrown at [/jenkins/workspace/8-2-build-macosx-x86_64/jdk8u281/880/hotspot/src/share/vm/prims/jvm.cpp, line 1512]
Event: 0.219 Thread 0x00007fc6e989d800 Exception <a 'java/security/PrivilegedActionException'> (0x000000071679e218) thrown at [/jenkins/workspace/8-2-build-macosx-x86_64/jdk8u281/880/hotspot/src/share/vm/prims/jvm.cpp, line 1512]
Event: 0.219 Thread 0x00007fc6e989d800 Exception <a 'java/security/PrivilegedActionException'> (0x000000071679e428) thrown at [/jenkins/workspace/8-2-build-macosx-x86_64/jdk8u281/880/hotspot/src/share/vm/prims/jvm.cpp, line 1512]
Event: 0.219 Thread 0x00007fc6e989d800 Exception <a 'java/lang/NullPointerException'> (0x000000071679ee30) thrown at [/jenkins/workspace/8-2-build-macosx-x86_64/jdk8u281/880/hotspot/src/share/vm/interpreter/linkResolver.cpp, line 1185]
Event: 2.215 Thread 0x00007fc6eb102800 Exception <a 'java/lang/NullPointerException'> (0x0000000717c75f10) thrown at [/jenkins/workspace/8-2-build-macosx-x86_64/jdk8u281/880/hotspot/src/share/vm/interpreter/linkResolver.cpp, line 1185]
Event: 2.215 Thread 0x00007fc6eb102800 Exception <a 'java/lang/NullPointerException'> (0x0000000717c75f10) thrown at [/jenkins/workspace/8-2-build-macosx-x86_64/jdk8u281/880/hotspot/src/share/vm/prims/jvm.cpp, line 1516]
Event: 2.409 Thread 0x00007fc6ea8bc000 Implicit null exception at 0x0000000118fa29b5 to 0x0000000118fa2d69
Event: 2.409 Thread 0x00007fc6ea8bc000 Implicit null exception at 0x0000000118f799f6 to 0x0000000118f79db1
Event: 2.944 Thread 0x00007fc6eb102800 Exception <a 'java/io/FileNotFoundException'> (0x0000000719aea380) thrown at [/jenkins/workspace/8-2-build-macosx-x86_64/jdk8u281/880/hotspot/src/share/vm/prims/jni.cpp, line 710]

Events (10 events):
Event: 3.485 Thread 0x00007fc6ea8bc800 DEOPT UNPACKING pc=0x0000000118b8a784 sp=0x0000700005b29478 mode 0
Event: 3.485 Thread 0x00007fc6ea8bc000 DEOPT PACKING pc=0x0000000119127537 sp=0x0000700005a26740
Event: 3.485 Thread 0x00007fc6ea8bc000 DEOPT UNPACKING pc=0x0000000118b8a784 sp=0x0000700005a26478 mode 0
Event: 3.486 Thread 0x00007fc6ea8a9000 DEOPT PACKING pc=0x0000000119127537 sp=0x0000700005923740
Event: 3.486 Thread 0x00007fc6ea8a9000 DEOPT UNPACKING pc=0x0000000118b8a784 sp=0x0000700005923478 mode 0
Event: 3.487 Thread 0x00007fc6ea8bc800 DEOPT PACKING pc=0x0000000119127537 sp=0x0000700005b29740
Event: 3.487 Thread 0x00007fc6ea8bc800 DEOPT UNPACKING pc=0x0000000118b8a784 sp=0x0000700005b29478 mode 0
Event: 3.507 Thread 0x00007fc6ea8bc800 DEOPT PACKING pc=0x0000000118dfa0c5 sp=0x0000700005b29930
Event: 3.507 Thread 0x00007fc6ea8bc800 DEOPT UNPACKING pc=0x0000000118b8a784 sp=0x0000700005b296a0 mode 0
Event: 3.550 Executing VM operation: ParallelGCFailedAllocation


Dynamic libraries:
0x00007ff82b80f000 	/System/Library/Frameworks/Cocoa.framework/Versions/A/Cocoa
0x00007ff817463000 	/System/Library/Frameworks/AppKit.framework/Versions/C/AppKit
0x00007ff81a97a000 	/System/Library/Frameworks/CoreData.framework/Versions/A/CoreData
0x00007ff815866000 	/System/Library/Frameworks/Foundation.framework/Versions/C/Foundation
0x00007ff81f79d000 	/usr/lib/libSystem.B.dylib
0x00007ff8182f3000 	/System/Library/PrivateFrameworks/UIFoundation.framework/Versions/A/UIFoundation
0x00007ff825710000 	/System/Library/PrivateFrameworks/RemoteViewServices.framework/Versions/A/RemoteViewServices
0x00007ff81d9f1000 	/System/Library/PrivateFrameworks/XCTTargetBootstrap.framework/Versions/A/XCTTargetBootstrap
0x00007ff8215a6000 	/System/Library/PrivateFrameworks/InternationalSupport.framework/Versions/A/InternationalSupport
0x00007ff821630000 	/System/Library/PrivateFrameworks/UserActivity.framework/Versions/A/UserActivity
0x00007ff820984000 	/usr/lib/libspindump.dylib
0x00007ff818582000 	/System/Library/Frameworks/UniformTypeIdentifiers.framework/Versions/A/UniformTypeIdentifiers
0x00007ff81c115000 	/usr/lib/libapp_launch_measurement.dylib
0x00007ff81b34c000 	/System/Library/PrivateFrameworks/CoreAnalytics.framework/Versions/A/CoreAnalytics
0x00007ff81c118000 	/System/Library/PrivateFrameworks/CoreAutoLayout.framework/Versions/A/CoreAutoLayout
0x00007ff81d348000 	/System/Library/Frameworks/Metal.framework/Versions/A/Metal
0x00007ff81e077000 	/usr/lib/liblangid.dylib
0x00007ff81d9f6000 	/System/Library/PrivateFrameworks/CoreSVG.framework/Versions/A/CoreSVG
0x00007ff81996e000 	/System/Library/PrivateFrameworks/SkyLight.framework/Versions/A/SkyLight
0x00007ff819d0d000 	/System/Library/Frameworks/CoreGraphics.framework/Versions/A/CoreGraphics
0x00007ff825dd0000 	/System/Library/Frameworks/Accelerate.framework/Versions/A/Accelerate
0x00007ff820403000 	/System/Library/PrivateFrameworks/IconServices.framework/Versions/A/IconServices
0x00007ff81d32d000 	/System/Library/Frameworks/IOSurface.framework/Versions/A/IOSurface
0x00007ff81b37a000 	/usr/lib/libDiagnosticMessagesClient.dylib
0x00007ff81f6bd000 	/usr/lib/libz.1.dylib
0x00007ff8294b3000 	/System/Library/Frameworks/ApplicationServices.framework/Versions/A/ApplicationServices
0x00007ff81d9dd000 	/System/Library/PrivateFrameworks/DFRFoundation.framework/Versions/A/DFRFoundation
0x00007ff816d4b000 	/usr/lib/libicucore.A.dylib
0x00007ff82239c000 	/System/Library/Frameworks/AudioToolbox.framework/Versions/A/AudioToolbox
0x00007ff8215b2000 	/System/Library/PrivateFrameworks/DataDetectorsCore.framework/Versions/A/DataDetectorsCore
0x00007ff91daad000 	/System/Library/PrivateFrameworks/TextInput.framework/Versions/A/TextInput
0x00007ff8198f1000 	/usr/lib/libMobileGestalt.dylib
0x00007ff81d6e9000 	/System/Library/Frameworks/Carbon.framework/Versions/A/Frameworks/HIToolbox.framework/Versions/A/HIToolbox
0x00007ff81bb17000 	/System/Library/Frameworks/QuartzCore.framework/Versions/A/QuartzCore
0x00007ff8169f0000 	/System/Library/Frameworks/Security.framework/Versions/A/Security
0x00007ff825748000 	/System/Library/Frameworks/Carbon.framework/Versions/A/Frameworks/SpeechRecognition.framework/Versions/A/SpeechRecognition
0x00007ff81be75000 	/System/Library/PrivateFrameworks/CoreUI.framework/Versions/A/CoreUI
0x00007ff8162ba000 	/System/Library/Frameworks/CoreAudio.framework/Versions/A/CoreAudio
0x00007ff81b469000 	/System/Library/Frameworks/DiskArbitration.framework/Versions/A/DiskArbitration
0x00007ff820d72000 	/System/Library/PrivateFrameworks/MultitouchSupport.framework/Versions/A/MultitouchSupport
0x00007ff8198f0000 	/usr/lib/libenergytrace.dylib
0x00007ff81734f000 	/System/Library/Frameworks/IOKit.framework/Versions/A/IOKit
0x00007ff825b38000 	/System/Library/Frameworks/CoreServices.framework/Versions/A/CoreServices
0x00007ff81c0af000 	/System/Library/PrivateFrameworks/PerformanceAnalysis.framework/Versions/A/PerformanceAnalysis
0x00007ffa2d78f000 	/System/Library/Frameworks/OpenGL.framework/Versions/A/OpenGL
0x00007ff81ecd9000 	/System/Library/PrivateFrameworks/MobileKeyBag.framework/Versions/A/MobileKeyBag
0x00007ff814830000 	/usr/lib/libobjc.A.dylib
0x00007ff81a3d9000 	/System/Library/Frameworks/ColorSync.framework/Versions/A/ColorSync
0x00007ff8149ea000 	/System/Library/Frameworks/CoreFoundation.framework/Versions/A/CoreFoundation
0x00007ff81dc6d000 	/System/Library/Frameworks/CoreImage.framework/Versions/A/CoreImage
0x00007ff8160ce000 	/System/Library/Frameworks/CoreText.framework/Versions/A/CoreText
0x00007ff81da26000 	/System/Library/Frameworks/ImageIO.framework/Versions/A/ImageIO
0x00007ff81f7a3000 	/System/Library/PrivateFrameworks/SoftLinking.framework/Versions/A/SoftLinking
0x00007ff81c160000 	/usr/lib/libxml2.2.dylib
0x00007ff8148f6000 	/usr/lib/libc++.1.dylib
0x00007ff81fa27000 	/usr/lib/libcompression.dylib
0x00007ff8214d9000 	/System/Library/PrivateFrameworks/TextureIO.framework/Versions/A/TextureIO
0x00007ff820115000 	/usr/lib/libate.dylib
0x00007ff81f798000 	/usr/lib/system/libcache.dylib
0x00007ff81f754000 	/usr/lib/system/libcommonCrypto.dylib
0x00007ff81f77d000 	/usr/lib/system/libcompiler_rt.dylib
0x00007ff81f773000 	/usr/lib/system/libcopyfile.dylib
0x00007ff81472b000 	/usr/lib/system/libcorecrypto.dylib
0x00007ff8147e9000 	/usr/lib/system/libdispatch.dylib
0x00007ff8149a9000 	/usr/lib/system/libdyld.dylib
0x00007ff81f78f000 	/usr/lib/system/libkeymgr.dylib
0x00007ff81f732000 	/usr/lib/system/libmacho.dylib
0x00007ff81edb3000 	/usr/lib/system/libquarantine.dylib
0x00007ff81f78d000 	/usr/lib/system/libremovefile.dylib
0x00007ff81993e000 	/usr/lib/system/libsystem_asl.dylib
0x00007ff8146d4000 	/usr/lib/system/libsystem_blocks.dylib
0x00007ff81486d000 	/usr/lib/system/libsystem_c.dylib
0x00007ff81f785000 	/usr/lib/system/libsystem_collections.dylib
0x00007ff81e067000 	/usr/lib/system/libsystem_configuration.dylib
0x00007ff81d310000 	/usr/lib/system/libsystem_containermanager.dylib
0x00007ff81f46a000 	/usr/lib/system/libsystem_coreservices.dylib
0x00007ff816fdf000 	/usr/lib/system/libsystem_darwin.dylib
0x00007ff81f790000 	/usr/lib/system/libsystem_dnssd.dylib
0x00007ff81486a000 	/usr/lib/system/libsystem_featureflags.dylib
0x00007ff8149bf000 	/usr/lib/system/libsystem_info.dylib
0x00007ff81f6d0000 	/usr/lib/system/libsystem_m.dylib
0x00007ff8147bd000 	/usr/lib/system/libsystem_malloc.dylib
0x00007ff8198d9000 	/usr/lib/system/libsystem_networkextension.dylib
0x00007ff817405000 	/usr/lib/system/libsystem_notify.dylib
0x00007ff825a0d000 	/usr/lib/system/libsystem_product_info_filter.dylib
0x00007ff81e06b000 	/usr/lib/system/libsystem_sandbox.dylib
0x00007ff81f78a000 	/usr/lib/system/libsystem_secinit.dylib
0x00007ff814965000 	/usr/lib/system/libsystem_kernel.dylib
0x00007ff8149b5000 	/usr/lib/system/libsystem_platform.dylib
0x00007ff81499d000 	/usr/lib/system/libsystem_pthread.dylib
0x00007ff81b18c000 	/usr/lib/system/libsystem_symptoms.dylib
0x00007ff814712000 	/usr/lib/system/libsystem_trace.dylib
0x00007ff81f760000 	/usr/lib/system/libunwind.dylib
0x00007ff8146d6000 	/usr/lib/system/libxpc.dylib
0x00007ff81494f000 	/usr/lib/libc++abi.dylib
0x00007ff81f76b000 	/usr/lib/liboah.dylib
0x00007ff81fef1000 	/usr/lib/liblzma.5.dylib
0x00007ff815578000 	/System/Library/Frameworks/SystemConfiguration.framework/Versions/A/SystemConfiguration
0x00007ff81f79f000 	/usr/lib/libfakelink.dylib
0x00007ff819449000 	/System/Library/Frameworks/CFNetwork.framework/Versions/A/CFNetwork
0x00007ff81f8e0000 	/usr/lib/libarchive.2.dylib
0x00007ff81e073000 	/System/Library/PrivateFrameworks/AppleSystemInfo.framework/Versions/A/AppleSystemInfo
0x00007ff81edda000 	/usr/lib/libbsm.0.dylib
0x00007ff818a58000 	/usr/lib/libnetwork.dylib
0x00007ff81f738000 	/usr/lib/system/libkxld.dylib
0x00007ff81ea0d000 	/System/Library/PrivateFrameworks/IOMobileFramebuffer.framework/Versions/A/IOMobileFramebuffer
0x00007ffb2d15e000 	/usr/lib/libCoreEntitlements.dylib
0x00007ff81f44c000 	/System/Library/PrivateFrameworks/AppleFSCompression.framework/Versions/A/AppleFSCompression
0x00007ff81edc2000 	/usr/lib/libcoretls.dylib
0x00007ff81ff0b000 	/usr/lib/libcoretls_cfhelpers.dylib
0x00007ff81fa22000 	/usr/lib/libpam.2.dylib
0x00007ff81adab000 	/usr/lib/libsqlite3.dylib
0x00007ff81ff7a000 	/usr/lib/libxar.1.dylib
0x00007ff81f45c000 	/usr/lib/libbz2.1.0.dylib
0x00007ff81f7a4000 	/usr/lib/libpcap.A.dylib
0x00007ff81b184000 	/usr/lib/libdns_services.dylib
0x00007ff81f9f2000 	/usr/lib/libapple_nghttp2.dylib
0x00007ff81f7de000 	/usr/lib/libiconv.2.dylib
0x00007ff81f731000 	/usr/lib/libcharset.1.dylib
0x00007ff81c0e3000 	/System/Library/Frameworks/CoreServices.framework/Versions/A/Frameworks/FSEvents.framework/Versions/A/FSEvents
0x00007ff816fe9000 	/System/Library/Frameworks/CoreServices.framework/Versions/A/Frameworks/CarbonCore.framework/Versions/A/CarbonCore
0x00007ff81b3cd000 	/System/Library/Frameworks/CoreServices.framework/Versions/A/Frameworks/Metadata.framework/Versions/A/Metadata
0x00007ff81f46f000 	/System/Library/Frameworks/CoreServices.framework/Versions/A/Frameworks/OSServices.framework/Versions/A/OSServices
0x00007ff81f967000 	/System/Library/Frameworks/CoreServices.framework/Versions/A/Frameworks/SearchKit.framework/Versions/A/SearchKit
0x00007ff81b116000 	/System/Library/Frameworks/CoreServices.framework/Versions/A/Frameworks/AE.framework/Versions/A/AE
0x00007ff814eed000 	/System/Library/Frameworks/CoreServices.framework/Versions/A/Frameworks/LaunchServices.framework/Versions/A/LaunchServices
0x00007ff81fea2000 	/System/Library/Frameworks/CoreServices.framework/Versions/A/Frameworks/DictionaryServices.framework/Versions/A/DictionaryServices
0x00007ff81c0f0000 	/System/Library/Frameworks/CoreServices.framework/Versions/A/Frameworks/SharedFileList.framework/Versions/A/SharedFileList
0x00007ff81edb6000 	/usr/lib/libCheckFix.dylib
0x00007ff819955000 	/System/Library/PrivateFrameworks/TCC.framework/Versions/A/TCC
0x00007ff81e079000 	/System/Library/PrivateFrameworks/CoreNLP.framework/Versions/A/CoreNLP
0x00007ff81b37d000 	/System/Library/PrivateFrameworks/MetadataUtilities.framework/Versions/A/MetadataUtilities
0x00007ff815629000 	/usr/lib/libmecabra.dylib
0x00007ff81edea000 	/usr/lib/libmecab.dylib
0x00007ff8155f4000 	/usr/lib/libCRFSuite.dylib
0x00007ff81ee44000 	/usr/lib/libgermantok.dylib
0x00007ff81f9cd000 	/usr/lib/libThaiTokenizer.dylib
0x00007ff81b470000 	/System/Library/Frameworks/Accelerate.framework/Versions/A/Frameworks/vImage.framework/Versions/A/vImage
0x00007ff825b0f000 	/System/Library/Frameworks/Accelerate.framework/Versions/A/Frameworks/vecLib.framework/Versions/A/vecLib
0x00007ff81ffbb000 	/System/Library/Frameworks/Accelerate.framework/Versions/A/Frameworks/vecLib.framework/Versions/A/libvMisc.dylib
0x00007ff81e838000 	/System/Library/Frameworks/Accelerate.framework/Versions/A/Frameworks/vecLib.framework/Versions/A/libvDSP.dylib
0x00007ff815268000 	/System/Library/Frameworks/Accelerate.framework/Versions/A/Frameworks/vecLib.framework/Versions/A/libBLAS.dylib
0x00007ff81fb04000 	/System/Library/Frameworks/Accelerate.framework/Versions/A/Frameworks/vecLib.framework/Versions/A/libLAPACK.dylib
0x00007ff81ee47000 	/System/Library/Frameworks/Accelerate.framework/Versions/A/Frameworks/vecLib.framework/Versions/A/libLinearAlgebra.dylib
0x00007ff81fa0a000 	/System/Library/Frameworks/Accelerate.framework/Versions/A/Frameworks/vecLib.framework/Versions/A/libSparseBLAS.dylib
0x00007ff81fafe000 	/System/Library/Frameworks/Accelerate.framework/Versions/A/Frameworks/vecLib.framework/Versions/A/libQuadrature.dylib
0x00007ff81e164000 	/System/Library/Frameworks/Accelerate.framework/Versions/A/Frameworks/vecLib.framework/Versions/A/libBNNS.dylib
0x00007ff815502000 	/System/Library/Frameworks/Accelerate.framework/Versions/A/Frameworks/vecLib.framework/Versions/A/libSparse.dylib
0x00007ff81e15d000 	/System/Library/PrivateFrameworks/LinguisticData.framework/Versions/A/LinguisticData
0x00007ff8154b8000 	/System/Library/PrivateFrameworks/Lexicon.framework/Versions/A/Lexicon
0x00007ff81ffb4000 	/usr/lib/libChineseTokenizer.dylib
0x00007ff815c23000 	/System/Library/PrivateFrameworks/LanguageModeling.framework/Versions/A/LanguageModeling
0x00007ff81f9cf000 	/System/Library/PrivateFrameworks/AppleSauce.framework/Versions/A/AppleSauce
0x00007ff81e9fb000 	/System/Library/PrivateFrameworks/CoreEmoji.framework/Versions/A/CoreEmoji
0x00007ff81f8cf000 	/usr/lib/libcmph.dylib
0x00007ff81c0c7000 	/System/Library/Frameworks/OpenDirectory.framework/Versions/A/Frameworks/CFOpenDirectory.framework/Versions/A/CFOpenDirectory
0x00007ff81c0bb000 	/System/Library/Frameworks/OpenDirectory.framework/Versions/A/OpenDirectory
0x00007ff81ff0d000 	/System/Library/PrivateFrameworks/APFS.framework/Versions/A/APFS
0x00007ff81ed11000 	/System/Library/Frameworks/SecurityFoundation.framework/Versions/A/SecurityFoundation
0x00007ff81ff88000 	/usr/lib/libutil.dylib
0x00007ff817313000 	/System/Library/PrivateFrameworks/CoreServicesStore.framework/Versions/A/CoreServicesStore
0x00007ff81ff8c000 	/usr/lib/libxslt.1.dylib
0x00007ff81ed9e000 	/System/Library/PrivateFrameworks/BackgroundTaskManagement.framework/Versions/A/BackgroundTaskManagement
0x00007ff8213f9000 	/System/Library/Frameworks/ImageIO.framework/Versions/A/Resources/libRadiance.dylib
0x00007ff821402000 	/System/Library/Frameworks/ImageIO.framework/Versions/A/Resources/libJPEG.dylib
0x00007ff821351000 	/System/Library/Frameworks/ImageIO.framework/Versions/A/Resources/libPng.dylib
0x00007ff821372000 	/System/Library/Frameworks/ImageIO.framework/Versions/A/Resources/libTIFF.dylib
0x00007ff821462000 	/System/Library/Frameworks/ImageIO.framework/Versions/A/Resources/libGIF.dylib
0x00007ff820c8c000 	/System/Library/Frameworks/ImageIO.framework/Versions/A/Resources/libJP2.dylib
0x00007ff8203ca000 	/usr/lib/libexpat.1.dylib
0x00007ff820c41000 	/System/Library/PrivateFrameworks/AppleJPEG.framework/Versions/A/AppleJPEG
0x00007ff81d5ad000 	/System/Library/PrivateFrameworks/FontServices.framework/libFontParser.dylib
0x00007ff81b0c0000 	/System/Library/PrivateFrameworks/RunningBoardServices.framework/Versions/A/RunningBoardServices
0x00007ff82bdca000 	/System/Library/PrivateFrameworks/IOSurfaceAccelerator.framework/Versions/A/IOSurfaceAccelerator
0x00007ff820d6e000 	/System/Library/PrivateFrameworks/WatchdogClient.framework/Versions/A/WatchdogClient
0x00007ff815d11000 	/System/Library/Frameworks/CoreDisplay.framework/Versions/A/CoreDisplay
0x00007ff81d4ab000 	/System/Library/Frameworks/CoreMedia.framework/Versions/A/CoreMedia
0x00007ff81d33f000 	/System/Library/PrivateFrameworks/IOAccelerator.framework/Versions/A/IOAccelerator
0x00007ff81c244000 	/System/Library/Frameworks/CoreVideo.framework/Versions/A/CoreVideo
0x00007ff81fa20000 	/System/Library/Frameworks/MetalPerformanceShaders.framework/Versions/A/MetalPerformanceShaders
0x00007ff820dab000 	/System/Library/Frameworks/VideoToolbox.framework/Versions/A/VideoToolbox
0x00007ff81b00a000 	/System/Library/PrivateFrameworks/BaseBoard.framework/Versions/A/BaseBoard
0x00007ff81ad91000 	/System/Library/PrivateFrameworks/ProtocolBuffer.framework/Versions/A/ProtocolBuffer
0x00007ff8213f2000 	/System/Library/PrivateFrameworks/GPUWrangler.framework/Versions/A/GPUWrangler
0x00007ff8213d6000 	/System/Library/PrivateFrameworks/IOPresentment.framework/Versions/A/IOPresentment
0x00007ff8213fc000 	/System/Library/PrivateFrameworks/DSExternalDisplay.framework/Versions/A/DSExternalDisplay
0x00007ffa2d783000 	/System/Library/Frameworks/OpenGL.framework/Versions/A/Libraries/libCoreFSCache.dylib
0x00007ffb1a85a000 	/System/Library/PrivateFrameworks/GPUCompiler.framework/Versions/31001/Libraries/libGPUCompilerUtils.dylib
0x00007ff821467000 	/System/Library/PrivateFrameworks/CMCaptureCore.framework/Versions/A/CMCaptureCore
0x00007ff820972000 	/System/Library/PrivateFrameworks/AppServerSupport.framework/Versions/A/AppServerSupport
0x00007ff822c35000 	/System/Library/PrivateFrameworks/perfdata.framework/Versions/A/perfdata
0x00007ff815e3d000 	/System/Library/PrivateFrameworks/AudioToolboxCore.framework/Versions/A/AudioToolboxCore
0x00007ff81d489000 	/System/Library/PrivateFrameworks/caulk.framework/Versions/A/caulk
0x00007ff822547000 	/usr/lib/libAudioStatistics.dylib
0x00007ff91a23b000 	/System/Library/PrivateFrameworks/SystemPolicy.framework/Versions/A/SystemPolicy
0x00007ff8227a2000 	/usr/lib/libSMC.dylib
0x00007ff82b6c2000 	/System/Library/Frameworks/CoreMIDI.framework/Versions/A/CoreMIDI
0x00007ff821320000 	/usr/lib/libAudioToolboxUtility.dylib
0x00007ff916467000 	/System/Library/PrivateFrameworks/OSAServicesClient.framework/Versions/A/OSAServicesClient
0x00007ff822c42000 	/usr/lib/libperfcheck.dylib
0x00007ff91ace8000 	/usr/lib/libmis.dylib
0x00007ffa2d7de000 	/System/Library/Frameworks/OpenGL.framework/Versions/A/Libraries/libGLU.dylib
0x00007ffa2d7a2000 	/System/Library/Frameworks/OpenGL.framework/Versions/A/Libraries/libGFXShared.dylib
0x00007ffa2d9ab000 	/System/Library/Frameworks/OpenGL.framework/Versions/A/Libraries/libGL.dylib
0x00007ffa2d7ab000 	/System/Library/Frameworks/OpenGL.framework/Versions/A/Libraries/libGLImage.dylib
0x00007ffa2d79f000 	/System/Library/Frameworks/OpenGL.framework/Versions/A/Libraries/libCVMSPluginSupport.dylib
0x00007ffa2d78a000 	/System/Library/Frameworks/OpenGL.framework/Versions/A/Libraries/libCoreVMClient.dylib
0x00007ff81dff5000 	/System/Library/Frameworks/MetalPerformanceShaders.framework/Versions/A/Frameworks/MPSCore.framework/Versions/A/MPSCore
0x00007ff81f3b7000 	/System/Library/Frameworks/MetalPerformanceShaders.framework/Versions/A/Frameworks/MPSImage.framework/Versions/A/MPSImage
0x00007ff81ee5d000 	/System/Library/Frameworks/MetalPerformanceShaders.framework/Versions/A/Frameworks/MPSNeuralNetwork.framework/Versions/A/MPSNeuralNetwork
0x00007ff81f2d1000 	/System/Library/Frameworks/MetalPerformanceShaders.framework/Versions/A/Frameworks/MPSMatrix.framework/Versions/A/MPSMatrix
0x00007ff81f08c000 	/System/Library/Frameworks/MetalPerformanceShaders.framework/Versions/A/Frameworks/MPSRayIntersector.framework/Versions/A/MPSRayIntersector
0x00007ff81f309000 	/System/Library/Frameworks/MetalPerformanceShaders.framework/Versions/A/Frameworks/MPSNDArray.framework/Versions/A/MPSNDArray
0x00007ffa33263000 	/System/Library/Frameworks/MetalPerformanceShaders.framework/Versions/A/Frameworks/MPSFunctions.framework/Versions/A/MPSFunctions
0x00007ff815144000 	/System/Library/PrivateFrameworks/MetalTools.framework/Versions/A/MetalTools
0x00007ff81e071000 	/System/Library/PrivateFrameworks/AggregateDictionary.framework/Versions/A/AggregateDictionary
0x00007ff8201ac000 	/usr/lib/libIOReport.dylib
0x00007ffa2edba000 	/System/Library/Frameworks/OpenCL.framework/Versions/A/OpenCL
0x00007ff820510000 	/System/Library/PrivateFrameworks/FaceCore.framework/Versions/A/FaceCore
0x00007ff820501000 	/System/Library/PrivateFrameworks/GraphVisualizer.framework/Versions/A/GraphVisualizer
0x00007ffb1a765000 	/System/Library/PrivateFrameworks/FontServices.framework/Versions/A/FontServices
0x00007ff82092a000 	/System/Library/PrivateFrameworks/OTSVG.framework/Versions/A/OTSVG
0x00007ff81be2a000 	/System/Library/Frameworks/ApplicationServices.framework/Versions/A/Frameworks/ATS.framework/Versions/A/Resources/libFontRegistry.dylib
0x00007ff82097a000 	/System/Library/PrivateFrameworks/FontServices.framework/libhvf.dylib
0x00007ffb1a766000 	/System/Library/PrivateFrameworks/FontServices.framework/libXTFontStaticRegistryData.dylib
0x00007ff82037a000 	/System/Library/PrivateFrameworks/AppleVA.framework/Versions/A/AppleVA
0x00007ff822567000 	/System/Library/Frameworks/ApplicationServices.framework/Versions/A/Frameworks/ATS.framework/Versions/A/ATS
0x00007ff81a4d7000 	/System/Library/Frameworks/ApplicationServices.framework/Versions/A/Frameworks/HIServices.framework/Versions/A/HIServices
0x00007ff821471000 	/System/Library/Frameworks/ApplicationServices.framework/Versions/A/Frameworks/PrintCore.framework/Versions/A/PrintCore
0x00007ff8228f5000 	/System/Library/Frameworks/ApplicationServices.framework/Versions/A/Frameworks/QD.framework/Versions/A/QD
0x00007ff8228ed000 	/System/Library/Frameworks/ApplicationServices.framework/Versions/A/Frameworks/ColorSyncLegacy.framework/Versions/A/ColorSyncLegacy
0x00007ff822557000 	/System/Library/Frameworks/ApplicationServices.framework/Versions/A/Frameworks/SpeechSynthesis.framework/Versions/A/SpeechSynthesis
0x00007ff821432000 	/System/Library/Frameworks/ApplicationServices.framework/Versions/A/Frameworks/ATSUI.framework/Versions/A/ATSUI
0x00007ff822882000 	/usr/lib/libcups.2.dylib
0x00007ff822c51000 	/System/Library/Frameworks/Kerberos.framework/Versions/A/Kerberos
0x00007ff822c60000 	/System/Library/Frameworks/GSS.framework/Versions/A/GSS
0x00007ff8225d3000 	/usr/lib/libresolv.9.dylib
0x00007ff820989000 	/System/Library/PrivateFrameworks/Heimdal.framework/Versions/A/Heimdal
0x00007ff829845000 	/System/Library/Frameworks/Kerberos.framework/Versions/A/Libraries/libHeimdalProxy.dylib
0x00007ff81b194000 	/System/Library/Frameworks/Network.framework/Versions/A/Network
0x00007ff8203e4000 	/usr/lib/libheimdal-asn1.dylib
0x00007ff822cab000 	/System/Library/PrivateFrameworks/CommonAuth.framework/Versions/A/CommonAuth
0x00007ff8224d9000 	/System/Library/PrivateFrameworks/AudioSession.framework/Versions/A/AudioSession
0x00007ff820474000 	/System/Library/PrivateFrameworks/MediaExperience.framework/Versions/A/MediaExperience
0x00007ff82236b000 	/System/Library/PrivateFrameworks/AudioSession.framework/libSessionUtility.dylib
0x00007ff822901000 	/System/Library/PrivateFrameworks/AudioResourceArbitration.framework/Versions/A/AudioResourceArbitration
0x00007ff826982000 	/System/Library/PrivateFrameworks/PowerLog.framework/Versions/A/PowerLog
0x00007ff8203ed000 	/System/Library/PrivateFrameworks/IconFoundation.framework/Versions/A/IconFoundation
0x00007ff825738000 	/System/Library/PrivateFrameworks/SpeechRecognitionCore.framework/Versions/A/SpeechRecognitionCore
0x000000010c229000 	/Library/Java/JavaVirtualMachines/jdk1.8.0_281.jdk/Contents/Home/jre/lib/server/libjvm.dylib
0x000000010b470000 	/Library/Java/JavaVirtualMachines/jdk1.8.0_281.jdk/Contents/Home/jre/lib/libverify.dylib
0x000000010b4b4000 	/Library/Java/JavaVirtualMachines/jdk1.8.0_281.jdk/Contents/Home/jre/lib/libjava.dylib
0x000000010b4e7000 	/Library/Java/JavaVirtualMachines/jdk1.8.0_281.jdk/Contents/Home/jre/lib/libinstrument.dylib
0x000000010b48e000 	/Library/Java/JavaVirtualMachines/jdk1.8.0_281.jdk/Contents/Home/jre/lib/libzip.dylib
0x0000000111b0e000 	/Library/Java/JavaVirtualMachines/jdk1.8.0_281.jdk/Contents/Home/jre/lib/libnet.dylib
0x0000000111bbe000 	/Library/Java/JavaVirtualMachines/jdk1.8.0_281.jdk/Contents/Home/jre/lib/libprism_es2.dylib
0x00007ff8172d5000 	/System/Library/PrivateFrameworks/CoreServicesInternal.framework/Versions/A/CoreServicesInternal
0x00007ffa2d9b6000 	/System/Library/Frameworks/OpenGL.framework/Versions/A/Resources/GLEngine.bundle/GLEngine
0x00007ffa2d81c000 	/System/Library/Frameworks/OpenGL.framework/Versions/A/Libraries/libGLProgrammability.dylib
0x00007ffa22832000 	/System/Library/Extensions/AppleIntelKBLGraphicsGLDriver.bundle/Contents/MacOS/AppleIntelKBLGraphicsGLDriver
0x00007ff924e83000 	/System/Library/PrivateFrameworks/GPUSupport.framework/Versions/A/Libraries/libGPUSupportMercury.dylib
0x00000001126a3000 	/System/Library/Extensions/AMDRadeonX6000GLDriver.bundle/Contents/MacOS/AMDRadeonX6000GLDriver
0x00007ffa31856000 	/System/Library/Extensions/AMDRadeonX6000GLDriver.bundle/Contents/MacOS/ATIRadeonX6000SCLib.dylib
0x00007ffa20ef6000 	/System/Library/Extensions/AMDShared.bundle/Contents/PlugIns/libSC.dylib
0x00007ffa2db40000 	/System/Library/Frameworks/OpenGL.framework/Versions/A/Resources/GLRendererFloat.bundle/GLRendererFloat
0x0000000112553000 	/Library/Java/JavaVirtualMachines/jdk1.8.0_281.jdk/Contents/Home/jre/lib/libglass.dylib
0x00007ff826f73000 	/System/Library/Frameworks/FileProvider.framework/Versions/A/FileProvider
0x00007ff81af77000 	/System/Library/Frameworks/Accounts.framework/Versions/A/Accounts
0x00007ff8270ec000 	/System/Library/PrivateFrameworks/GenerationalStorage.framework/Versions/A/GenerationalStorage
0x00007ff827bfc000 	/System/Library/PrivateFrameworks/CoreSymbolication.framework/Versions/A/CoreSymbolication
0x00007ff826977000 	/System/Library/PrivateFrameworks/SymptomDiagnosticReporter.framework/Versions/A/SymptomDiagnosticReporter
0x00007ff818596000 	/System/Library/PrivateFrameworks/DesktopServicesPriv.framework/Versions/A/DesktopServicesPriv
0x00007ff817414000 	/usr/lib/libsandbox.1.dylib
0x00007ff81c2c3000 	/System/Library/PrivateFrameworks/UserManagement.framework/Versions/A/UserManagement
0x00007ff827bc1000 	/System/Library/PrivateFrameworks/DebugSymbols.framework/Versions/A/DebugSymbols
0x00007ff8228e2000 	/System/Library/PrivateFrameworks/NetAuth.framework/Versions/A/NetAuth
0x00007ff8237f1000 	/System/Library/PrivateFrameworks/Sharing.framework/Versions/A/Sharing
0x00007ff81c296000 	/System/Library/PrivateFrameworks/login.framework/Versions/A/Frameworks/loginsupport.framework/Versions/A/loginsupport
0x00007ff828d5f000 	/System/Library/PrivateFrameworks/Apple80211.framework/Versions/A/Apple80211
0x00007ff81f49c000 	/System/Library/PrivateFrameworks/AuthKit.framework/Versions/A/AuthKit
0x00007ff81eaf1000 	/System/Library/PrivateFrameworks/CoreUtils.framework/Versions/A/CoreUtils
0x00007ff81ea18000 	/System/Library/Frameworks/CoreWLAN.framework/Versions/A/CoreWLAN
0x00007ff823950000 	/System/Library/Frameworks/IOBluetooth.framework/Versions/A/IOBluetooth
0x00007ff828dc7000 	/System/Library/PrivateFrameworks/CoreWiFi.framework/Versions/A/CoreWiFi
0x00007ff827796000 	/System/Library/PrivateFrameworks/FrontBoardServices.framework/Versions/A/FrontBoardServices
0x00007ff827827000 	/System/Library/PrivateFrameworks/BoardServices.framework/Versions/A/BoardServices
0x00007ff81ed00000 	/System/Library/PrivateFrameworks/AssertionServices.framework/Versions/A/AssertionServices
0x00007ff828f4a000 	/System/Library/PrivateFrameworks/BackBoardServices.framework/Versions/A/BackBoardServices
0x00007ff822d3c000 	/System/Library/PrivateFrameworks/CorePhoneNumbers.framework/Versions/A/CorePhoneNumbers
0x00007ff822600000 	/System/Library/PrivateFrameworks/MultiverseSupport.framework/Versions/A/MultiverseSupport
0x00007ff8291be000 	/System/Library/PrivateFrameworks/RemoteServiceDiscovery.framework/Versions/A/RemoteServiceDiscovery
0x00007ff826a94000 	/System/Library/PrivateFrameworks/DiskManagement.framework/Versions/A/DiskManagement
0x00007ff8269a8000 	/System/Library/PrivateFrameworks/AppleIDAuthSupport.framework/Versions/A/AppleIDAuthSupport
0x00007ffb150e0000 	/System/Library/PrivateFrameworks/AAAFoundation.framework/Versions/A/AAAFoundation
0x00007ff822d1d000 	/System/Library/PrivateFrameworks/KeychainCircle.framework/Versions/A/KeychainCircle
0x00007ff8291ce000 	/System/Library/PrivateFrameworks/RemoteXPC.framework/Versions/A/RemoteXPC
0x00007ff826a60000 	/System/Library/PrivateFrameworks/MediaKit.framework/Versions/A/MediaKit
0x00007ff8269b4000 	/System/Library/Frameworks/DiscRecording.framework/Versions/A/DiscRecording
0x00007ff8202f2000 	/usr/lib/libCoreStorage.dylib
0x00007ff829239000 	/usr/lib/libcsfde.dylib
0x00007ff823a1d000 	/System/Library/PrivateFrameworks/ProtectedCloudStorage.framework/Versions/A/ProtectedCloudStorage
0x00007ff829235000 	/System/Library/PrivateFrameworks/EFILogin.framework/Versions/A/EFILogin
0x00007ff827112000 	/System/Library/PrivateFrameworks/OctagonTrust.framework/Versions/A/OctagonTrust
0x00007ffb199c8000 	/System/Library/PrivateFrameworks/CoreUtilsExtras.framework/Versions/A/CoreUtilsExtras
0x00007ff8268db000 	/System/Library/Frameworks/CoreBluetooth.framework/Versions/A/CoreBluetooth
0x00007ff8298ca000 	/System/Library/Frameworks/AudioUnit.framework/Versions/A/AudioUnit
0x00007ff8202ea000 	/usr/lib/libMatch.1.dylib
0x00007ff91f30c000 	/System/Library/Frameworks/Accelerate.framework/Versions/A/Frameworks/vImage.framework/Versions/A/Libraries/libCGInterfaces.dylib
0x00000001139fc000 	/usr/lib/libobjc-trampolines.dylib
0x00007ff81bfbb000 	/System/Library/PrivateFrameworks/ViewBridge.framework/Versions/A/ViewBridge
0x00007ff820a40000 	/System/Library/PrivateFrameworks/login.framework/Versions/A/login
0x00000001166ca000 	/Library/Java/JavaVirtualMachines/jdk1.8.0_281.jdk/Contents/Home/jre/lib/libjavafx_font.dylib
0x00000001168ed000 	/Library/Java/JavaVirtualMachines/jdk1.8.0_281.jdk/Contents/Home/jre/lib/libjsound.dylib
0x00007ffb2d24d000 	/usr/lib/libRosetta.dylib
0x0000000116de8000 	/System/Library/Components/CoreAudio.component/Contents/MacOS/CoreAudio
0x0000000139653000 	/Library/Java/JavaVirtualMachines/jdk1.8.0_281.jdk/Contents/Home/jre/lib/libprism_common.dylib

VM Arguments:
jvm_args: -javaagent:/Applications/IntelliJ IDEA.app/Contents/lib/idea_rt.jar=50009:/Applications/IntelliJ IDEA.app/Contents/bin -Dfile.encoding=UTF-8 
java_command: finalboss.Main
java_class_path (initial): /Library/Java/JavaVirtualMachines/jdk1.8.0_281.jdk/Contents/Home/jre/lib/charsets.jar:/Library/Java/JavaVirtualMachines/jdk1.8.0_281.jdk/Contents/Home/jre/lib/deploy.jar:/Library/Java/JavaVirtualMachines/jdk1.8.0_281.jdk/Contents/Home/jre/lib/ext/cldrdata.jar:/Library/Java/JavaVirtualMachines/jdk1.8.0_281.jdk/Contents/Home/jre/lib/ext/dnsns.jar:/Library/Java/JavaVirtualMachines/jdk1.8.0_281.jdk/Contents/Home/jre/lib/ext/jaccess.jar:/Library/Java/JavaVirtualMachines/jdk1.8.0_281.jdk/Contents/Home/jre/lib/ext/jfxrt.jar:/Library/Java/JavaVirtualMachines/jdk1.8.0_281.jdk/Contents/Home/jre/lib/ext/localedata.jar:/Library/Java/JavaVirtualMachines/jdk1.8.0_281.jdk/Contents/Home/jre/lib/ext/nashorn.jar:/Library/Java/JavaVirtualMachines/jdk1.8.0_281.jdk/Contents/Home/jre/lib/ext/sunec.jar:/Library/Java/JavaVirtualMachines/jdk1.8.0_281.jdk/Contents/Home/jre/lib/ext/sunjce_provider.jar:/Library/Java/JavaVirtualMachines/jdk1.8.0_281.jdk/Contents/Home/jre/lib/ext/sunpkcs11.jar:/Library/Java/JavaVirtualMachines/jdk1.8.0_281.jdk/Contents/Home/jre/lib/ext/zipfs.jar:/Library/Java/JavaVirtualMachines/jdk1.8.0_281.jdk/Contents/Home/jre/lib/javaws.jar:/Library/Java/JavaVirtualMachines/jdk1.8.0_281.jdk/Contents/Home/jre/lib/jce.jar:/Library/Java/JavaVirtualMachines/jdk1.8.0_281.jdk/Contents/Home/jre/lib/jfr.jar:/Library/Java/JavaVirtualMachines/jdk1.8.0_281.jdk/Contents/Home/jre/lib/jfxswt.jar:/Library/Java/JavaVirtualMachines/jdk1.8.0_281.jdk/Contents/Home/jre/lib/jsse.jar:/Library/Java/JavaVirtualMachines/jdk1.8.0_281.jdk/Contents/Home/jre/lib/management-agent.jar:/Library/Java/JavaVirtualMachines/jdk1.8.0_281.jdk/Contents/Home/jre/lib/plugin.jar:/Library/Java/JavaVirtualMachines/jdk1.8.0_281.jdk/Contents/Home/jre/lib/resources.jar:/Library/Java/JavaVirtualMachines/jdk1.8.0_281.jdk/Contents/Home/jre/lib/rt.jar:/Library/Java/JavaVirtualMachines/jdk1.8.0_281.jdk/Contents/Home/lib/ant-javafx.jar:/Library/Java/JavaVirtualMachines/jdk1.8.0_281.jdk/Contents/Home
Launcher Type: SUN_STANDARD

Environment Variables:
JAVA_HOME=/Library/Java/JavaVirtualMachines/temurin-11.jdk/Contents/Home
CLASSPATH=:/Users/sylviebartusek/Brown_University/spring2021/cs15/*:.
PATH=/Users/sylviebartusek/Brown_University/spring2023/enter/bin:/Users/sylviebartusek/Brown_University/spring2023/enter/condabin:/Library/Frameworks/Python.framework/Versions/3.7/bin:/Library/Frameworks/Python.framework/Versions/3.8/bin:/Library/Frameworks/Python.framework/Versions/2.7/bin:/Library/Frameworks/Python.framework/Versions/3.8/bin:/usr/local/bin:/usr/bin:/bin:/usr/sbin:/sbin:/Library/TeX/texbin
SHELL=/bin/bash

Signal Handlers:
SIGSEGV: [libjvm.dylib+0x5a1f9b], sa_mask[0]=11111111011111110111111111111111, sa_flags=SA_ONSTACK|SA_RESTART|SA_SIGINFO
SIGBUS: [libjvm.dylib+0x5a1f9b], sa_mask[0]=11111111011111110111111111111111, sa_flags=SA_RESTART|SA_SIGINFO
SIGFPE: [libjvm.dylib+0x492701], sa_mask[0]=11111111011111110111111111111111, sa_flags=SA_RESTART|SA_SIGINFO
SIGPIPE: [libjvm.dylib+0x492701], sa_mask[0]=11111111011111110111111111111111, sa_flags=SA_RESTART|SA_SIGINFO
SIGXFSZ: [libjvm.dylib+0x492701], sa_mask[0]=11111111011111110111111111111111, sa_flags=SA_RESTART|SA_SIGINFO
SIGILL: [libjvm.dylib+0x492701], sa_mask[0]=11111111011111110111111111111111, sa_flags=SA_RESTART|SA_SIGINFO
SIGUSR1: SIG_DFL, sa_mask[0]=00000000000000000000000000000000, sa_flags=none
SIGUSR2: [libjvm.dylib+0x492ffa], sa_mask[0]=00100000000000000000000000000000, sa_flags=SA_RESTART|SA_SIGINFO
SIGHUP: [libjvm.dylib+0x491209], sa_mask[0]=11111111011111110111111111111111, sa_flags=SA_RESTART|SA_SIGINFO
SIGINT: [libjvm.dylib+0x491209], sa_mask[0]=11111111011111110111111111111111, sa_flags=SA_RESTART|SA_SIGINFO
SIGTERM: [libjvm.dylib+0x491209], sa_mask[0]=11111111011111110111111111111111, sa_flags=SA_RESTART|SA_SIGINFO
SIGQUIT: [libjvm.dylib+0x491209], sa_mask[0]=11111111011111110111111111111111, sa_flags=SA_RESTART|SA_SIGINFO


---------------  S Y S T E M  ---------------

OS:Bsduname:Darwin 21.6.0 Darwin Kernel Version 21.6.0: Mon Aug 22 20:17:10 PDT 2022; root:xnu-8020.140.49~2/RELEASE_X86_64 x86_64
rlimit: STACK 8192k, CORE 0k, NPROC 5568, NOFILE 10240, AS infinity
load average:4.82 4.85 4.58

CPU:total 16 (initial active 16) (8 cores per cpu, 2 threads per core) family 6 model 158 stepping 13, cmov, cx8, fxsr, mmx, sse, sse2, sse3, ssse3, sse4.1, sse4.2, popcnt, avx, avx2, aes, clmul, erms, 3dnowpref, lzcnt, ht, tsc, tscinvbit, bmi1, bmi2, adx

Memory: 4k page, physical 33554432k(417632k free)

/proc/meminfo:


vm_info: Java HotSpot(TM) 64-Bit Server VM (25.281-b09) for bsd-amd64 JRE (1.8.0_281-b09), built on Dec  9 2020 12:44:49 by "java_re" with gcc 4.2.1 Compatible Apple LLVM 10.0.0 (clang-1000.11.45.5)

time: Sat Dec 16 23:01:39 2023
timezone: EST
elapsed time: 3.571563 seconds (0d 0h 0m 3s)

