#
# A fatal error has been detected by the Java Runtime Environment:
#
#  Internal Error (safepoint.cpp:716), pid=16467, tid=0x0000000000006d03
#  fatal error: Illegal threadstate encountered: 4
#
# JRE version: Java(TM) SE Runtime Environment (8.0_281-b09) (build 1.8.0_281-b09)
# Java VM: Java HotSpot(TM) 64-Bit Server VM (25.281-b09 mixed mode bsd-amd64 compressed oops)
# Failed to write core dump. Core dumps have been disabled. To enable core dumping, try "ulimit -c unlimited" before starting Java again
#
# If you would like to submit a bug report, please visit:
#   http://bugreport.java.com/bugreport/crash.jsp
# The crash happened outside the Java Virtual Machine in native code.
# See problematic frame for where to report the bug.
#

---------------  T H R E A D  ---------------

Current thread (0x00007f9e3a0b9000):  JavaThread "Thread-2" daemon [_thread_in_native, id=27907, stack(0x00007000039db000,0x0000700003adb000)]

Stack: [0x00007000039db000,0x0000700003adb000],  sp=0x0000700003ad9f10,  free space=1019k
Native frames: (J=compiled Java code, j=interpreted, Vv=VM code, C=native code)
V  [libjvm.dylib+0x5a1497]
V  [libjvm.dylib+0x1d8577]
V  [libjvm.dylib+0x4eb4c9]
V  [libjvm.dylib+0x566bf3]
V  [libjvm.dylib+0x2fd108]
C  [libglass.dylib+0x8988]  -[GlassRunnable dealloc]+0x28
C  [Foundation+0x818be]  -[_NSThreadPerformInfo dealloc]+0x2a
C  [Foundation+0x4e446]  -[NSObject(NSThreadPerformAdditions) performSelectorOnMainThread:withObject:waitUntilDone:]+0x7c
J 1064  com.sun.glass.ui.mac.MacApplication._submitForLaterInvocation(Ljava/lang/Runnable;)V (0 bytes) @ 0x0000000110d8e3bc [0x0000000110d8e300+0xbc]
J 1096 C1 com.sun.glass.ui.mac.MacApplication.submitForLaterInvocation(Ljava/lang/Runnable;)V (6 bytes) @ 0x0000000110d9f2fc [0x0000000110d9f280+0x7c]
j  com.sun.glass.ui.InvokeLaterDispatcher.run()V+82
v  ~StubRoutines::call_stub
V  [libjvm.dylib+0x2d5599]
V  [libjvm.dylib+0x2d4264]
V  [libjvm.dylib+0x2d447f]
V  [libjvm.dylib+0x342b21]
V  [libjvm.dylib+0x5653f2]
V  [libjvm.dylib+0x5652b7]
V  [libjvm.dylib+0x490329]
C  [libsystem_pthread.dylib+0x64e1]  _pthread_start+0x7d
C  [libsystem_pthread.dylib+0x1f6b]  thread_start+0xf
C  0x0000000000000000

Java frames: (J=compiled Java code, j=interpreted, Vv=VM code)
J 1064  com.sun.glass.ui.mac.MacApplication._submitForLaterInvocation(Ljava/lang/Runnable;)V (0 bytes) @ 0x0000000110d8e34c [0x0000000110d8e300+0x4c]
J 1096 C1 com.sun.glass.ui.mac.MacApplication.submitForLaterInvocation(Ljava/lang/Runnable;)V (6 bytes) @ 0x0000000110d9f2fc [0x0000000110d9f280+0x7c]
j  com.sun.glass.ui.InvokeLaterDispatcher.run()V+82
v  ~StubRoutines::call_stub

---------------  P R O C E S S  ---------------

Java Threads: ( => current thread )
  0x00007f9e278d5800 JavaThread "Attach Listener" daemon [_thread_blocked, id=105483, stack(0x000070000468b000,0x000070000478b000)]
  0x00007f9e380ba000 JavaThread "Prism Font Disposer" daemon [_thread_blocked, id=98307, stack(0x0000700004482000,0x0000700004582000)]
  0x00007f9e37915800 JavaThread "Direct Clip" daemon [_thread_blocked, id=98051, stack(0x000070000437f000,0x000070000447f000)]
  0x00007f9e37912800 JavaThread "Direct Clip" daemon [_thread_blocked, id=121607, stack(0x000070000427c000,0x000070000437c000)]
  0x00007f9e3a0fc000 JavaThread "Java Sound Event Dispatcher" daemon [_thread_blocked, id=97283, stack(0x0000700004179000,0x0000700004279000)]
  0x00007f9e3a8b3800 JavaThread "Thread-7" [_thread_blocked, id=59907, stack(0x0000700003ff3000,0x00007000040f3000)]
  0x00007f9e3a8b3000 JavaThread "Thread-6" [_thread_in_vm, id=59651, stack(0x0000700003ef0000,0x0000700003ff0000)]
  0x00007f9e3a8b1800 JavaThread "Thread-5" [_thread_in_Java, id=73731, stack(0x0000700003ded000,0x0000700003eed000)]
  0x00007f9e3a889800 JavaThread "Thread-4" [_thread_blocked, id=59143, stack(0x0000700003cea000,0x0000700003dea000)]
  0x00007f9e3a87c800 JavaThread "PulseTimer-CVDisplayLink thread" daemon [_thread_in_native, id=82439, stack(0x0000700003ade000,0x0000700003b5e000)]
  0x00007f9e3a0bf800 JavaThread "JavaFX Application Thread" [_thread_in_native_trans, id=259, stack(0x00007ff7bb87b000,0x00007ff7bc07b000)]
=>0x00007f9e3a0b9000 JavaThread "Thread-2" daemon [_thread_in_native, id=27907, stack(0x00007000039db000,0x0000700003adb000)]
  0x00007f9e3781b800 JavaThread "QuantumRenderer-0" daemon [_thread_blocked, id=38915, stack(0x00007000038d8000,0x00007000039d8000)]
  0x00007f9e3a858000 JavaThread "JavaFX-Launcher" [_thread_blocked, id=39427, stack(0x00007000037d5000,0x00007000038d5000)]
  0x00007f9e2784b000 JavaThread "Service Thread" daemon [_thread_blocked, id=23811, stack(0x00007000035cf000,0x00007000036cf000)]
  0x00007f9e39822800 JavaThread "C1 CompilerThread11" daemon [_thread_blocked, id=23555, stack(0x00007000034cc000,0x00007000035cc000)]
  0x00007f9e39821800 JavaThread "C1 CompilerThread10" daemon [_thread_blocked, id=40451, stack(0x00007000033c9000,0x00007000034c9000)]
  0x00007f9e39821000 JavaThread "C1 CompilerThread9" daemon [_thread_blocked, id=23299, stack(0x00007000032c6000,0x00007000033c6000)]
  0x00007f9e39820000 JavaThread "C1 CompilerThread8" daemon [_thread_blocked, id=40963, stack(0x00007000031c3000,0x00007000032c3000)]
  0x00007f9e3981f800 JavaThread "C2 CompilerThread7" daemon [_thread_blocked, id=22787, stack(0x00007000030c0000,0x00007000031c0000)]
  0x00007f9e3981e800 JavaThread "C2 CompilerThread6" daemon [_thread_blocked, id=22275, stack(0x0000700002fbd000,0x00007000030bd000)]
  0x00007f9e3981e000 JavaThread "C2 CompilerThread5" daemon [_thread_blocked, id=41731, stack(0x0000700002eba000,0x0000700002fba000)]
  0x00007f9df7808800 JavaThread "C2 CompilerThread4" daemon [_thread_in_native, id=41987, stack(0x0000700002db7000,0x0000700002eb7000)]
  0x00007f9e2783a800 JavaThread "C2 CompilerThread3" daemon [_thread_blocked, id=42499, stack(0x0000700002cb4000,0x0000700002db4000)]
  0x00007f9e39815000 JavaThread "C2 CompilerThread2" daemon [_thread_blocked, id=43011, stack(0x0000700002bb1000,0x0000700002cb1000)]
  0x00007f9e27839800 JavaThread "C2 CompilerThread1" daemon [_thread_blocked, id=21763, stack(0x0000700002aae000,0x0000700002bae000)]
  0x00007f9e27839000 JavaThread "C2 CompilerThread0" daemon [_thread_blocked, id=15363, stack(0x00007000029ab000,0x0000700002aab000)]
  0x00007f9e078bf800 JavaThread "Monitor Ctrl-Break" daemon [_thread_in_native, id=14851, stack(0x00007000028a8000,0x00007000029a8000)]
  0x00007f9e3a80e000 JavaThread "Signal Dispatcher" daemon [_thread_blocked, id=14595, stack(0x00007000027a5000,0x00007000028a5000)]
  0x00007f9e38013000 JavaThread "Finalizer" daemon [_thread_blocked, id=13315, stack(0x000070000259c000,0x000070000269c000)]
  0x00007f9e3a03e800 JavaThread "Reference Handler" daemon [_thread_blocked, id=13059, stack(0x0000700002499000,0x0000700002599000)]
  0x00007f9e37809000 JavaThread "main" [_thread_blocked, id=4099, stack(0x000070000156c000,0x000070000166c000)]

Other Threads:
  0x00007f9e3a039800 VMThread [stack: 0x0000700002396000,0x0000700002496000] [id=18691]
  0x00007f9e3a80f000 WatcherThread [stack: 0x00007000036d2000,0x00007000037d2000] [id=39683]

VM state:synchronizing (normal execution)

VM Mutex/Monitor currently owned by a thread:  ([mutex/lock_event])
[0x0000600003d9d180] Safepoint_lock - owner thread: 0x00007f9e3a039800
[0x0000600003d9d200] Threads_lock - owner thread: 0x00007f9e3a039800
[0x0000600003d9dc00] Compile_lock - owner thread: 0x00007f9e278d5800

heap address: 0x00000005c0000000, size: 8192 MB, Compressed Oops mode: Zero based, Oop shift amount: 3
Narrow klass base: 0x0000000000000000, Narrow klass shift: 3
Compressed class space size: 1073741824 Address: 0x00000007c0000000

Heap:
 PSYoungGen      total 153088K, used 114599K [0x0000000715580000, 0x0000000720000000, 0x00000007c0000000)
  eden space 131584K, 87% used [0x0000000715580000,0x000000071c569c20,0x000000071d600000)
  from space 21504K, 0% used [0x000000071eb00000,0x000000071eb00000,0x0000000720000000)
  to   space 21504K, 0% used [0x000000071d600000,0x000000071d600000,0x000000071eb00000)
 ParOldGen       total 349696K, used 0K [0x00000005c0000000, 0x00000005d5580000, 0x0000000715580000)
  object space 349696K, 0% used [0x00000005c0000000,0x00000005c0000000,0x00000005d5580000)
 Metaspace       used 14937K, capacity 15566K, committed 15744K, reserved 1062912K
  class space    used 1940K, capacity 2129K, committed 2176K, reserved 1048576K

Card table byte_map: [0x0000000105ba6000,0x0000000106ba7000] byte_map_base: 0x0000000102da6000

Marking Bits: (ParMarkBitMap*) 0x00000001054cb488
 Begin Bits: [0x000000011f82b000, 0x000000012782b000)
 End Bits:   [0x000000012782b000, 0x000000012f82b000)

Polling page: 0x0000000103fd9000

CodeCache: size=245760Kb used=5925Kb max_used=5925Kb free=239834Kb
 bounds [0x000000011082b000, 0x0000000110dfb000, 0x000000011f82b000]
 total_blobs=1851 nmethods=1185 adapters=577
 compilation: enabled

Compilation events (10 events):
Event: 1.115 Thread 0x00007f9e39821000 nmethod 1185 0x0000000110de1410 code [0x0000000110de1560, 0x0000000110de1650]
Event: 1.115 Thread 0x00007f9e39821800 nmethod 1184 0x0000000110de1150 code [0x0000000110de12a0, 0x0000000110de13b0]
Event: 1.115 Thread 0x00007f9e39822800 1186       3       sun.text.bidi.BidiBase::GetParaLevelAt (25 bytes)
Event: 1.115 Thread 0x00007f9e39822800 nmethod 1186 0x0000000110de0d10 code [0x0000000110de0e80, 0x0000000110de1070]
Event: 1.123 Thread 0x00007f9e39820000 1187       3       java.util.concurrent.locks.AbstractQueuedSynchronizer::compareAndSetWaitStatus (13 bytes)
Event: 1.123 Thread 0x00007f9e39820000 nmethod 1187 0x0000000110de0a10 code [0x0000000110de0b60, 0x0000000110de0cb0]
Event: 1.125 Thread 0x00007f9e39821000 1188  s    1       sun.net.www.MimeEntry::getType (5 bytes)
Event: 1.126 Thread 0x00007f9e39821000 nmethod 1188 0x0000000110de05d0 code [0x0000000110de0720, 0x0000000110de0990]
Event: 1.127 Thread 0x00007f9e39821800 1189       3       sun.util.calendar.BaseCalendar$Date::setCache (20 bytes)
Event: 1.127 Thread 0x00007f9e39821800 nmethod 1189 0x0000000110de0290 code [0x0000000110de03e0, 0x0000000110de0550]

GC Heap History (0 events):
No events

Deoptimization events (7 events):
Event: 0.249 Thread 0x00007f9e3781b800 Uncommon trap: reason=unstable_if action=reinterpret pc=0x0000000110bbaea4 method=java.lang.String.indexOf([CII[CIII)I @ 134
Event: 0.430 Thread 0x00007f9e3a0bf800 Uncommon trap: reason=unstable_if action=reinterpret pc=0x0000000110bb5878 method=java.lang.String.replace(CC)Ljava/lang/String; @ 26
Event: 0.528 Thread 0x00007f9e3a0bf800 Uncommon trap: reason=unstable_if action=reinterpret pc=0x0000000110c7c1d4 method=sun.net.www.ParseUtil.encodePath(Ljava/lang/String;Z)Ljava/lang/String; @ 109
Event: 0.531 Thread 0x00007f9e3a8b3000 Uncommon trap: reason=unstable_if action=reinterpret pc=0x0000000110c3cd4c method=java.lang.AbstractStringBuilder.append(Ljava/lang/String;)Ljava/lang/AbstractStringBuilder; @ 1
Event: 0.771 Thread 0x00007f9e3a0bf800 Uncommon trap: reason=unstable_if action=reinterpret pc=0x0000000110c24ea0 method=java.lang.CharacterData.of(I)Ljava/lang/CharacterData; @ 4
Event: 1.071 Thread 0x00007f9e3a889800 Uncommon trap: reason=unstable_if action=reinterpret pc=0x0000000110da1fb8 method=com.sun.javafx.image.impl.ByteBgra$ToByteBgraPreConv.doConvert([BII[BIIII)V @ 80
Event: 1.093 Thread 0x00007f9e3a889800 Uncommon trap: reason=unstable_if action=reinterpret pc=0x0000000110da9b90 method=com.sun.javafx.image.impl.ByteBgra$ToByteBgraPreConv.doConvert([BII[BIIII)V @ 80

Classes redefined (0 events):
No events

Internal exceptions (10 events):
Event: 0.153 Thread 0x00007f9e37809000 Exception <a 'java/lang/NoSuchFieldError': method resolution failed> (0x00000007160d8090) thrown at [/jenkins/workspace/8-2-build-macosx-x86_64/jdk8u281/880/hotspot/src/share/vm/prims/methodHandles.cpp, line 1169]
Event: 0.154 Thread 0x00007f9e37809000 Exception <a 'java/lang/NoSuchFieldError': method resolution failed> (0x00000007160e5c80) thrown at [/jenkins/workspace/8-2-build-macosx-x86_64/jdk8u281/880/hotspot/src/share/vm/prims/methodHandles.cpp, line 1169]
Event: 0.168 Thread 0x00007f9e3a858000 Exception <a 'java/security/PrivilegedActionException'> (0x000000071679bd98) thrown at [/jenkins/workspace/8-2-build-macosx-x86_64/jdk8u281/880/hotspot/src/share/vm/prims/jvm.cpp, line 1512]
Event: 0.168 Thread 0x00007f9e3a858000 Exception <a 'java/security/PrivilegedActionException'> (0x000000071679bfa8) thrown at [/jenkins/workspace/8-2-build-macosx-x86_64/jdk8u281/880/hotspot/src/share/vm/prims/jvm.cpp, line 1512]
Event: 0.168 Thread 0x00007f9e3a858000 Exception <a 'java/security/PrivilegedActionException'> (0x000000071679f2d8) thrown at [/jenkins/workspace/8-2-build-macosx-x86_64/jdk8u281/880/hotspot/src/share/vm/prims/jvm.cpp, line 1512]
Event: 0.168 Thread 0x00007f9e3a858000 Exception <a 'java/security/PrivilegedActionException'> (0x000000071679f4e8) thrown at [/jenkins/workspace/8-2-build-macosx-x86_64/jdk8u281/880/hotspot/src/share/vm/prims/jvm.cpp, line 1512]
Event: 0.168 Thread 0x00007f9e3a858000 Exception <a 'java/lang/NullPointerException'> (0x000000071679fef0) thrown at [/jenkins/workspace/8-2-build-macosx-x86_64/jdk8u281/880/hotspot/src/share/vm/interpreter/linkResolver.cpp, line 1185]
Event: 0.394 Thread 0x00007f9e3a0bf800 Exception <a 'java/lang/NullPointerException'> (0x000000071775fc38) thrown at [/jenkins/workspace/8-2-build-macosx-x86_64/jdk8u281/880/hotspot/src/share/vm/interpreter/linkResolver.cpp, line 1185]
Event: 0.394 Thread 0x00007f9e3a0bf800 Exception <a 'java/lang/NullPointerException'> (0x000000071775fc38) thrown at [/jenkins/workspace/8-2-build-macosx-x86_64/jdk8u281/880/hotspot/src/share/vm/prims/jvm.cpp, line 1516]
Event: 0.531 Thread 0x00007f9e3a8b3000 Implicit null exception at 0x0000000110c3c976 to 0x0000000110c3cd35

Events (10 events):
Event: 1.106 Thread 0x00007f9e3a889800 DEOPT UNPACKING pc=0x0000000110872784 sp=0x0000700003de8478 mode 0
Event: 1.126 loading class sun/misc/VMSupport
Event: 1.127 loading class sun/misc/VMSupport done
Event: 1.127 loading class java/io/ByteArrayOutputStream
Event: 1.127 loading class java/io/ByteArrayOutputStream done
Event: 1.127 loading class java/util/Hashtable$KeySet
Event: 1.127 loading class java/util/Hashtable$KeySet done
Event: 1.127 loading class sun/nio/cs/ISO_8859_1$Encoder
Event: 1.128 loading class sun/nio/cs/ISO_8859_1$Encoder done
Event: 1.128 Executing VM operation: Deoptimize


Dynamic libraries:
0x00007ff82a8d2000 	/System/Library/Frameworks/Cocoa.framework/Versions/A/Cocoa
0x00007ff816526000 	/System/Library/Frameworks/AppKit.framework/Versions/C/AppKit
0x00007ff819a3d000 	/System/Library/Frameworks/CoreData.framework/Versions/A/CoreData
0x00007ff814929000 	/System/Library/Frameworks/Foundation.framework/Versions/C/Foundation
0x00007ff81e860000 	/usr/lib/libSystem.B.dylib
0x00007ff8173b6000 	/System/Library/PrivateFrameworks/UIFoundation.framework/Versions/A/UIFoundation
0x00007ff8247d3000 	/System/Library/PrivateFrameworks/RemoteViewServices.framework/Versions/A/RemoteViewServices
0x00007ff81cab4000 	/System/Library/PrivateFrameworks/XCTTargetBootstrap.framework/Versions/A/XCTTargetBootstrap
0x00007ff820669000 	/System/Library/PrivateFrameworks/InternationalSupport.framework/Versions/A/InternationalSupport
0x00007ff8206f3000 	/System/Library/PrivateFrameworks/UserActivity.framework/Versions/A/UserActivity
0x00007ff81fa47000 	/usr/lib/libspindump.dylib
0x00007ff817645000 	/System/Library/Frameworks/UniformTypeIdentifiers.framework/Versions/A/UniformTypeIdentifiers
0x00007ff81b1d8000 	/usr/lib/libapp_launch_measurement.dylib
0x00007ff81a40f000 	/System/Library/PrivateFrameworks/CoreAnalytics.framework/Versions/A/CoreAnalytics
0x00007ff81b1db000 	/System/Library/PrivateFrameworks/CoreAutoLayout.framework/Versions/A/CoreAutoLayout
0x00007ff81c40b000 	/System/Library/Frameworks/Metal.framework/Versions/A/Metal
0x00007ff81d13a000 	/usr/lib/liblangid.dylib
0x00007ff81cab9000 	/System/Library/PrivateFrameworks/CoreSVG.framework/Versions/A/CoreSVG
0x00007ff818a31000 	/System/Library/PrivateFrameworks/SkyLight.framework/Versions/A/SkyLight
0x00007ff818dd0000 	/System/Library/Frameworks/CoreGraphics.framework/Versions/A/CoreGraphics
0x00007ff824e93000 	/System/Library/Frameworks/Accelerate.framework/Versions/A/Accelerate
0x00007ff81f4c6000 	/System/Library/PrivateFrameworks/IconServices.framework/Versions/A/IconServices
0x00007ff81c3f0000 	/System/Library/Frameworks/IOSurface.framework/Versions/A/IOSurface
0x00007ff81a43d000 	/usr/lib/libDiagnosticMessagesClient.dylib
0x00007ff81e780000 	/usr/lib/libz.1.dylib
0x00007ff828576000 	/System/Library/Frameworks/ApplicationServices.framework/Versions/A/ApplicationServices
0x00007ff81caa0000 	/System/Library/PrivateFrameworks/DFRFoundation.framework/Versions/A/DFRFoundation
0x00007ff815e0e000 	/usr/lib/libicucore.A.dylib
0x00007ff82145f000 	/System/Library/Frameworks/AudioToolbox.framework/Versions/A/AudioToolbox
0x00007ff820675000 	/System/Library/PrivateFrameworks/DataDetectorsCore.framework/Versions/A/DataDetectorsCore
0x00007ff91cb70000 	/System/Library/PrivateFrameworks/TextInput.framework/Versions/A/TextInput
0x00007ff8189b4000 	/usr/lib/libMobileGestalt.dylib
0x00007ff81c7ac000 	/System/Library/Frameworks/Carbon.framework/Versions/A/Frameworks/HIToolbox.framework/Versions/A/HIToolbox
0x00007ff81abda000 	/System/Library/Frameworks/QuartzCore.framework/Versions/A/QuartzCore
0x00007ff815ab3000 	/System/Library/Frameworks/Security.framework/Versions/A/Security
0x00007ff82480b000 	/System/Library/Frameworks/Carbon.framework/Versions/A/Frameworks/SpeechRecognition.framework/Versions/A/SpeechRecognition
0x00007ff81af38000 	/System/Library/PrivateFrameworks/CoreUI.framework/Versions/A/CoreUI
0x00007ff81537d000 	/System/Library/Frameworks/CoreAudio.framework/Versions/A/CoreAudio
0x00007ff81a52c000 	/System/Library/Frameworks/DiskArbitration.framework/Versions/A/DiskArbitration
0x00007ff81fe35000 	/System/Library/PrivateFrameworks/MultitouchSupport.framework/Versions/A/MultitouchSupport
0x00007ff8189b3000 	/usr/lib/libenergytrace.dylib
0x00007ff816412000 	/System/Library/Frameworks/IOKit.framework/Versions/A/IOKit
0x00007ff824bfb000 	/System/Library/Frameworks/CoreServices.framework/Versions/A/CoreServices
0x00007ff81b172000 	/System/Library/PrivateFrameworks/PerformanceAnalysis.framework/Versions/A/PerformanceAnalysis
0x00007ffa2c852000 	/System/Library/Frameworks/OpenGL.framework/Versions/A/OpenGL
0x00007ff81dd9c000 	/System/Library/PrivateFrameworks/MobileKeyBag.framework/Versions/A/MobileKeyBag
0x00007ff8138f3000 	/usr/lib/libobjc.A.dylib
0x00007ff81949c000 	/System/Library/Frameworks/ColorSync.framework/Versions/A/ColorSync
0x00007ff813aad000 	/System/Library/Frameworks/CoreFoundation.framework/Versions/A/CoreFoundation
0x00007ff81cd30000 	/System/Library/Frameworks/CoreImage.framework/Versions/A/CoreImage
0x00007ff815191000 	/System/Library/Frameworks/CoreText.framework/Versions/A/CoreText
0x00007ff81cae9000 	/System/Library/Frameworks/ImageIO.framework/Versions/A/ImageIO
0x00007ff81e866000 	/System/Library/PrivateFrameworks/SoftLinking.framework/Versions/A/SoftLinking
0x00007ff81b223000 	/usr/lib/libxml2.2.dylib
0x00007ff8139b9000 	/usr/lib/libc++.1.dylib
0x00007ff81eaea000 	/usr/lib/libcompression.dylib
0x00007ff82059c000 	/System/Library/PrivateFrameworks/TextureIO.framework/Versions/A/TextureIO
0x00007ff81f1d8000 	/usr/lib/libate.dylib
0x00007ff81e85b000 	/usr/lib/system/libcache.dylib
0x00007ff81e817000 	/usr/lib/system/libcommonCrypto.dylib
0x00007ff81e840000 	/usr/lib/system/libcompiler_rt.dylib
0x00007ff81e836000 	/usr/lib/system/libcopyfile.dylib
0x00007ff8137ee000 	/usr/lib/system/libcorecrypto.dylib
0x00007ff8138ac000 	/usr/lib/system/libdispatch.dylib
0x00007ff813a6c000 	/usr/lib/system/libdyld.dylib
0x00007ff81e852000 	/usr/lib/system/libkeymgr.dylib
0x00007ff81e7f5000 	/usr/lib/system/libmacho.dylib
0x00007ff81de76000 	/usr/lib/system/libquarantine.dylib
0x00007ff81e850000 	/usr/lib/system/libremovefile.dylib
0x00007ff818a01000 	/usr/lib/system/libsystem_asl.dylib
0x00007ff813797000 	/usr/lib/system/libsystem_blocks.dylib
0x00007ff813930000 	/usr/lib/system/libsystem_c.dylib
0x00007ff81e848000 	/usr/lib/system/libsystem_collections.dylib
0x00007ff81d12a000 	/usr/lib/system/libsystem_configuration.dylib
0x00007ff81c3d3000 	/usr/lib/system/libsystem_containermanager.dylib
0x00007ff81e52d000 	/usr/lib/system/libsystem_coreservices.dylib
0x00007ff8160a2000 	/usr/lib/system/libsystem_darwin.dylib
0x00007ff81e853000 	/usr/lib/system/libsystem_dnssd.dylib
0x00007ff81392d000 	/usr/lib/system/libsystem_featureflags.dylib
0x00007ff813a82000 	/usr/lib/system/libsystem_info.dylib
0x00007ff81e793000 	/usr/lib/system/libsystem_m.dylib
0x00007ff813880000 	/usr/lib/system/libsystem_malloc.dylib
0x00007ff81899c000 	/usr/lib/system/libsystem_networkextension.dylib
0x00007ff8164c8000 	/usr/lib/system/libsystem_notify.dylib
0x00007ff824ad0000 	/usr/lib/system/libsystem_product_info_filter.dylib
0x00007ff81d12e000 	/usr/lib/system/libsystem_sandbox.dylib
0x00007ff81e84d000 	/usr/lib/system/libsystem_secinit.dylib
0x00007ff813a28000 	/usr/lib/system/libsystem_kernel.dylib
0x00007ff813a78000 	/usr/lib/system/libsystem_platform.dylib
0x00007ff813a60000 	/usr/lib/system/libsystem_pthread.dylib
0x00007ff81a24f000 	/usr/lib/system/libsystem_symptoms.dylib
0x00007ff8137d5000 	/usr/lib/system/libsystem_trace.dylib
0x00007ff81e823000 	/usr/lib/system/libunwind.dylib
0x00007ff813799000 	/usr/lib/system/libxpc.dylib
0x00007ff813a12000 	/usr/lib/libc++abi.dylib
0x00007ff81e82e000 	/usr/lib/liboah.dylib
0x00007ff81efb4000 	/usr/lib/liblzma.5.dylib
0x00007ff81463b000 	/System/Library/Frameworks/SystemConfiguration.framework/Versions/A/SystemConfiguration
0x00007ff81e862000 	/usr/lib/libfakelink.dylib
0x00007ff81850c000 	/System/Library/Frameworks/CFNetwork.framework/Versions/A/CFNetwork
0x00007ff81e9a3000 	/usr/lib/libarchive.2.dylib
0x00007ff81d136000 	/System/Library/PrivateFrameworks/AppleSystemInfo.framework/Versions/A/AppleSystemInfo
0x00007ff81de9d000 	/usr/lib/libbsm.0.dylib
0x00007ff817b1b000 	/usr/lib/libnetwork.dylib
0x00007ff81e7fb000 	/usr/lib/system/libkxld.dylib
0x00007ff81dad0000 	/System/Library/PrivateFrameworks/IOMobileFramebuffer.framework/Versions/A/IOMobileFramebuffer
0x00007ffb2c221000 	/usr/lib/libCoreEntitlements.dylib
0x00007ff81e50f000 	/System/Library/PrivateFrameworks/AppleFSCompression.framework/Versions/A/AppleFSCompression
0x00007ff81de85000 	/usr/lib/libcoretls.dylib
0x00007ff81efce000 	/usr/lib/libcoretls_cfhelpers.dylib
0x00007ff81eae5000 	/usr/lib/libpam.2.dylib
0x00007ff819e6e000 	/usr/lib/libsqlite3.dylib
0x00007ff81f03d000 	/usr/lib/libxar.1.dylib
0x00007ff81e51f000 	/usr/lib/libbz2.1.0.dylib
0x00007ff81e867000 	/usr/lib/libpcap.A.dylib
0x00007ff81a247000 	/usr/lib/libdns_services.dylib
0x00007ff81eab5000 	/usr/lib/libapple_nghttp2.dylib
0x00007ff81e8a1000 	/usr/lib/libiconv.2.dylib
0x00007ff81e7f4000 	/usr/lib/libcharset.1.dylib
0x00007ff81b1a6000 	/System/Library/Frameworks/CoreServices.framework/Versions/A/Frameworks/FSEvents.framework/Versions/A/FSEvents
0x00007ff8160ac000 	/System/Library/Frameworks/CoreServices.framework/Versions/A/Frameworks/CarbonCore.framework/Versions/A/CarbonCore
0x00007ff81a490000 	/System/Library/Frameworks/CoreServices.framework/Versions/A/Frameworks/Metadata.framework/Versions/A/Metadata
0x00007ff81e532000 	/System/Library/Frameworks/CoreServices.framework/Versions/A/Frameworks/OSServices.framework/Versions/A/OSServices
0x00007ff81ea2a000 	/System/Library/Frameworks/CoreServices.framework/Versions/A/Frameworks/SearchKit.framework/Versions/A/SearchKit
0x00007ff81a1d9000 	/System/Library/Frameworks/CoreServices.framework/Versions/A/Frameworks/AE.framework/Versions/A/AE
0x00007ff813fb0000 	/System/Library/Frameworks/CoreServices.framework/Versions/A/Frameworks/LaunchServices.framework/Versions/A/LaunchServices
0x00007ff81ef65000 	/System/Library/Frameworks/CoreServices.framework/Versions/A/Frameworks/DictionaryServices.framework/Versions/A/DictionaryServices
0x00007ff81b1b3000 	/System/Library/Frameworks/CoreServices.framework/Versions/A/Frameworks/SharedFileList.framework/Versions/A/SharedFileList
0x00007ff81de79000 	/usr/lib/libCheckFix.dylib
0x00007ff818a18000 	/System/Library/PrivateFrameworks/TCC.framework/Versions/A/TCC
0x00007ff81d13c000 	/System/Library/PrivateFrameworks/CoreNLP.framework/Versions/A/CoreNLP
0x00007ff81a440000 	/System/Library/PrivateFrameworks/MetadataUtilities.framework/Versions/A/MetadataUtilities
0x00007ff8146ec000 	/usr/lib/libmecabra.dylib
0x00007ff81dead000 	/usr/lib/libmecab.dylib
0x00007ff8146b7000 	/usr/lib/libCRFSuite.dylib
0x00007ff81df07000 	/usr/lib/libgermantok.dylib
0x00007ff81ea90000 	/usr/lib/libThaiTokenizer.dylib
0x00007ff81a533000 	/System/Library/Frameworks/Accelerate.framework/Versions/A/Frameworks/vImage.framework/Versions/A/vImage
0x00007ff824bd2000 	/System/Library/Frameworks/Accelerate.framework/Versions/A/Frameworks/vecLib.framework/Versions/A/vecLib
0x00007ff81f07e000 	/System/Library/Frameworks/Accelerate.framework/Versions/A/Frameworks/vecLib.framework/Versions/A/libvMisc.dylib
0x00007ff81d8fb000 	/System/Library/Frameworks/Accelerate.framework/Versions/A/Frameworks/vecLib.framework/Versions/A/libvDSP.dylib
0x00007ff81432b000 	/System/Library/Frameworks/Accelerate.framework/Versions/A/Frameworks/vecLib.framework/Versions/A/libBLAS.dylib
0x00007ff81ebc7000 	/System/Library/Frameworks/Accelerate.framework/Versions/A/Frameworks/vecLib.framework/Versions/A/libLAPACK.dylib
0x00007ff81df0a000 	/System/Library/Frameworks/Accelerate.framework/Versions/A/Frameworks/vecLib.framework/Versions/A/libLinearAlgebra.dylib
0x00007ff81eacd000 	/System/Library/Frameworks/Accelerate.framework/Versions/A/Frameworks/vecLib.framework/Versions/A/libSparseBLAS.dylib
0x00007ff81ebc1000 	/System/Library/Frameworks/Accelerate.framework/Versions/A/Frameworks/vecLib.framework/Versions/A/libQuadrature.dylib
0x00007ff81d227000 	/System/Library/Frameworks/Accelerate.framework/Versions/A/Frameworks/vecLib.framework/Versions/A/libBNNS.dylib
0x00007ff8145c5000 	/System/Library/Frameworks/Accelerate.framework/Versions/A/Frameworks/vecLib.framework/Versions/A/libSparse.dylib
0x00007ff81d220000 	/System/Library/PrivateFrameworks/LinguisticData.framework/Versions/A/LinguisticData
0x00007ff81457b000 	/System/Library/PrivateFrameworks/Lexicon.framework/Versions/A/Lexicon
0x00007ff81f077000 	/usr/lib/libChineseTokenizer.dylib
0x00007ff814ce6000 	/System/Library/PrivateFrameworks/LanguageModeling.framework/Versions/A/LanguageModeling
0x00007ff81ea92000 	/System/Library/PrivateFrameworks/AppleSauce.framework/Versions/A/AppleSauce
0x00007ff81dabe000 	/System/Library/PrivateFrameworks/CoreEmoji.framework/Versions/A/CoreEmoji
0x00007ff81e992000 	/usr/lib/libcmph.dylib
0x00007ff81b18a000 	/System/Library/Frameworks/OpenDirectory.framework/Versions/A/Frameworks/CFOpenDirectory.framework/Versions/A/CFOpenDirectory
0x00007ff81b17e000 	/System/Library/Frameworks/OpenDirectory.framework/Versions/A/OpenDirectory
0x00007ff81efd0000 	/System/Library/PrivateFrameworks/APFS.framework/Versions/A/APFS
0x00007ff81ddd4000 	/System/Library/Frameworks/SecurityFoundation.framework/Versions/A/SecurityFoundation
0x00007ff81f04b000 	/usr/lib/libutil.dylib
0x00007ff8163d6000 	/System/Library/PrivateFrameworks/CoreServicesStore.framework/Versions/A/CoreServicesStore
0x00007ff81f04f000 	/usr/lib/libxslt.1.dylib
0x00007ff81de61000 	/System/Library/PrivateFrameworks/BackgroundTaskManagement.framework/Versions/A/BackgroundTaskManagement
0x00007ff8204bc000 	/System/Library/Frameworks/ImageIO.framework/Versions/A/Resources/libRadiance.dylib
0x00007ff8204c5000 	/System/Library/Frameworks/ImageIO.framework/Versions/A/Resources/libJPEG.dylib
0x00007ff820414000 	/System/Library/Frameworks/ImageIO.framework/Versions/A/Resources/libPng.dylib
0x00007ff820435000 	/System/Library/Frameworks/ImageIO.framework/Versions/A/Resources/libTIFF.dylib
0x00007ff820525000 	/System/Library/Frameworks/ImageIO.framework/Versions/A/Resources/libGIF.dylib
0x00007ff81fd4f000 	/System/Library/Frameworks/ImageIO.framework/Versions/A/Resources/libJP2.dylib
0x00007ff81f48d000 	/usr/lib/libexpat.1.dylib
0x00007ff81fd04000 	/System/Library/PrivateFrameworks/AppleJPEG.framework/Versions/A/AppleJPEG
0x00007ff81c670000 	/System/Library/PrivateFrameworks/FontServices.framework/libFontParser.dylib
0x00007ff81a183000 	/System/Library/PrivateFrameworks/RunningBoardServices.framework/Versions/A/RunningBoardServices
0x00007ff82ae8d000 	/System/Library/PrivateFrameworks/IOSurfaceAccelerator.framework/Versions/A/IOSurfaceAccelerator
0x00007ff81fe31000 	/System/Library/PrivateFrameworks/WatchdogClient.framework/Versions/A/WatchdogClient
0x00007ff814dd4000 	/System/Library/Frameworks/CoreDisplay.framework/Versions/A/CoreDisplay
0x00007ff81c56e000 	/System/Library/Frameworks/CoreMedia.framework/Versions/A/CoreMedia
0x00007ff81c402000 	/System/Library/PrivateFrameworks/IOAccelerator.framework/Versions/A/IOAccelerator
0x00007ff81b307000 	/System/Library/Frameworks/CoreVideo.framework/Versions/A/CoreVideo
0x00007ff81eae3000 	/System/Library/Frameworks/MetalPerformanceShaders.framework/Versions/A/MetalPerformanceShaders
0x00007ff81fe6e000 	/System/Library/Frameworks/VideoToolbox.framework/Versions/A/VideoToolbox
0x00007ff81a0cd000 	/System/Library/PrivateFrameworks/BaseBoard.framework/Versions/A/BaseBoard
0x00007ff819e54000 	/System/Library/PrivateFrameworks/ProtocolBuffer.framework/Versions/A/ProtocolBuffer
0x00007ff8204b5000 	/System/Library/PrivateFrameworks/GPUWrangler.framework/Versions/A/GPUWrangler
0x00007ff820499000 	/System/Library/PrivateFrameworks/IOPresentment.framework/Versions/A/IOPresentment
0x00007ff8204bf000 	/System/Library/PrivateFrameworks/DSExternalDisplay.framework/Versions/A/DSExternalDisplay
0x00007ffa2c846000 	/System/Library/Frameworks/OpenGL.framework/Versions/A/Libraries/libCoreFSCache.dylib
0x00007ffb1991d000 	/System/Library/PrivateFrameworks/GPUCompiler.framework/Versions/31001/Libraries/libGPUCompilerUtils.dylib
0x00007ff82052a000 	/System/Library/PrivateFrameworks/CMCaptureCore.framework/Versions/A/CMCaptureCore
0x00007ff81fa35000 	/System/Library/PrivateFrameworks/AppServerSupport.framework/Versions/A/AppServerSupport
0x00007ff821cf8000 	/System/Library/PrivateFrameworks/perfdata.framework/Versions/A/perfdata
0x00007ff814f00000 	/System/Library/PrivateFrameworks/AudioToolboxCore.framework/Versions/A/AudioToolboxCore
0x00007ff81c54c000 	/System/Library/PrivateFrameworks/caulk.framework/Versions/A/caulk
0x00007ff82160a000 	/usr/lib/libAudioStatistics.dylib
0x00007ff9192fe000 	/System/Library/PrivateFrameworks/SystemPolicy.framework/Versions/A/SystemPolicy
0x00007ff821865000 	/usr/lib/libSMC.dylib
0x00007ff82a785000 	/System/Library/Frameworks/CoreMIDI.framework/Versions/A/CoreMIDI
0x00007ff8203e3000 	/usr/lib/libAudioToolboxUtility.dylib
0x00007ff91552a000 	/System/Library/PrivateFrameworks/OSAServicesClient.framework/Versions/A/OSAServicesClient
0x00007ff821d05000 	/usr/lib/libperfcheck.dylib
0x00007ff919dab000 	/usr/lib/libmis.dylib
0x00007ffa2c8a1000 	/System/Library/Frameworks/OpenGL.framework/Versions/A/Libraries/libGLU.dylib
0x00007ffa2c865000 	/System/Library/Frameworks/OpenGL.framework/Versions/A/Libraries/libGFXShared.dylib
0x00007ffa2ca6e000 	/System/Library/Frameworks/OpenGL.framework/Versions/A/Libraries/libGL.dylib
0x00007ffa2c86e000 	/System/Library/Frameworks/OpenGL.framework/Versions/A/Libraries/libGLImage.dylib
0x00007ffa2c862000 	/System/Library/Frameworks/OpenGL.framework/Versions/A/Libraries/libCVMSPluginSupport.dylib
0x00007ffa2c84d000 	/System/Library/Frameworks/OpenGL.framework/Versions/A/Libraries/libCoreVMClient.dylib
0x00007ff81d0b8000 	/System/Library/Frameworks/MetalPerformanceShaders.framework/Versions/A/Frameworks/MPSCore.framework/Versions/A/MPSCore
0x00007ff81e47a000 	/System/Library/Frameworks/MetalPerformanceShaders.framework/Versions/A/Frameworks/MPSImage.framework/Versions/A/MPSImage
0x00007ff81df20000 	/System/Library/Frameworks/MetalPerformanceShaders.framework/Versions/A/Frameworks/MPSNeuralNetwork.framework/Versions/A/MPSNeuralNetwork
0x00007ff81e394000 	/System/Library/Frameworks/MetalPerformanceShaders.framework/Versions/A/Frameworks/MPSMatrix.framework/Versions/A/MPSMatrix
0x00007ff81e14f000 	/System/Library/Frameworks/MetalPerformanceShaders.framework/Versions/A/Frameworks/MPSRayIntersector.framework/Versions/A/MPSRayIntersector
0x00007ff81e3cc000 	/System/Library/Frameworks/MetalPerformanceShaders.framework/Versions/A/Frameworks/MPSNDArray.framework/Versions/A/MPSNDArray
0x00007ffa32326000 	/System/Library/Frameworks/MetalPerformanceShaders.framework/Versions/A/Frameworks/MPSFunctions.framework/Versions/A/MPSFunctions
0x00007ff814207000 	/System/Library/PrivateFrameworks/MetalTools.framework/Versions/A/MetalTools
0x00007ff81d134000 	/System/Library/PrivateFrameworks/AggregateDictionary.framework/Versions/A/AggregateDictionary
0x00007ff81f26f000 	/usr/lib/libIOReport.dylib
0x00007ffa2de7d000 	/System/Library/Frameworks/OpenCL.framework/Versions/A/OpenCL
0x00007ff81f5d3000 	/System/Library/PrivateFrameworks/FaceCore.framework/Versions/A/FaceCore
0x00007ff81f5c4000 	/System/Library/PrivateFrameworks/GraphVisualizer.framework/Versions/A/GraphVisualizer
0x00007ffb19828000 	/System/Library/PrivateFrameworks/FontServices.framework/Versions/A/FontServices
0x00007ff81f9ed000 	/System/Library/PrivateFrameworks/OTSVG.framework/Versions/A/OTSVG
0x00007ff81aeed000 	/System/Library/Frameworks/ApplicationServices.framework/Versions/A/Frameworks/ATS.framework/Versions/A/Resources/libFontRegistry.dylib
0x00007ff81fa3d000 	/System/Library/PrivateFrameworks/FontServices.framework/libhvf.dylib
0x00007ffb19829000 	/System/Library/PrivateFrameworks/FontServices.framework/libXTFontStaticRegistryData.dylib
0x00007ff81f43d000 	/System/Library/PrivateFrameworks/AppleVA.framework/Versions/A/AppleVA
0x00007ff82162a000 	/System/Library/Frameworks/ApplicationServices.framework/Versions/A/Frameworks/ATS.framework/Versions/A/ATS
0x00007ff81959a000 	/System/Library/Frameworks/ApplicationServices.framework/Versions/A/Frameworks/HIServices.framework/Versions/A/HIServices
0x00007ff820534000 	/System/Library/Frameworks/ApplicationServices.framework/Versions/A/Frameworks/PrintCore.framework/Versions/A/PrintCore
0x00007ff8219b8000 	/System/Library/Frameworks/ApplicationServices.framework/Versions/A/Frameworks/QD.framework/Versions/A/QD
0x00007ff8219b0000 	/System/Library/Frameworks/ApplicationServices.framework/Versions/A/Frameworks/ColorSyncLegacy.framework/Versions/A/ColorSyncLegacy
0x00007ff82161a000 	/System/Library/Frameworks/ApplicationServices.framework/Versions/A/Frameworks/SpeechSynthesis.framework/Versions/A/SpeechSynthesis
0x00007ff8204f5000 	/System/Library/Frameworks/ApplicationServices.framework/Versions/A/Frameworks/ATSUI.framework/Versions/A/ATSUI
0x00007ff821945000 	/usr/lib/libcups.2.dylib
0x00007ff821d14000 	/System/Library/Frameworks/Kerberos.framework/Versions/A/Kerberos
0x00007ff821d23000 	/System/Library/Frameworks/GSS.framework/Versions/A/GSS
0x00007ff821696000 	/usr/lib/libresolv.9.dylib
0x00007ff81fa4c000 	/System/Library/PrivateFrameworks/Heimdal.framework/Versions/A/Heimdal
0x00007ff828908000 	/System/Library/Frameworks/Kerberos.framework/Versions/A/Libraries/libHeimdalProxy.dylib
0x00007ff81a257000 	/System/Library/Frameworks/Network.framework/Versions/A/Network
0x00007ff81f4a7000 	/usr/lib/libheimdal-asn1.dylib
0x00007ff821d6e000 	/System/Library/PrivateFrameworks/CommonAuth.framework/Versions/A/CommonAuth
0x00007ff82159c000 	/System/Library/PrivateFrameworks/AudioSession.framework/Versions/A/AudioSession
0x00007ff81f537000 	/System/Library/PrivateFrameworks/MediaExperience.framework/Versions/A/MediaExperience
0x00007ff82142e000 	/System/Library/PrivateFrameworks/AudioSession.framework/libSessionUtility.dylib
0x00007ff8219c4000 	/System/Library/PrivateFrameworks/AudioResourceArbitration.framework/Versions/A/AudioResourceArbitration
0x00007ff825a45000 	/System/Library/PrivateFrameworks/PowerLog.framework/Versions/A/PowerLog
0x00007ff81f4b0000 	/System/Library/PrivateFrameworks/IconFoundation.framework/Versions/A/IconFoundation
0x00007ff8247fb000 	/System/Library/PrivateFrameworks/SpeechRecognitionCore.framework/Versions/A/SpeechRecognitionCore
0x0000000104da3000 	/Library/Java/JavaVirtualMachines/jdk1.8.0_281.jdk/Contents/Home/jre/lib/server/libjvm.dylib
0x0000000103fea000 	/Library/Java/JavaVirtualMachines/jdk1.8.0_281.jdk/Contents/Home/jre/lib/libverify.dylib
0x000000010402e000 	/Library/Java/JavaVirtualMachines/jdk1.8.0_281.jdk/Contents/Home/jre/lib/libjava.dylib
0x0000000104061000 	/Library/Java/JavaVirtualMachines/jdk1.8.0_281.jdk/Contents/Home/jre/lib/libinstrument.dylib
0x0000000104008000 	/Library/Java/JavaVirtualMachines/jdk1.8.0_281.jdk/Contents/Home/jre/lib/libzip.dylib
0x000000010a724000 	/Library/Java/JavaVirtualMachines/jdk1.8.0_281.jdk/Contents/Home/jre/lib/libnet.dylib
0x000000010a7d4000 	/Library/Java/JavaVirtualMachines/jdk1.8.0_281.jdk/Contents/Home/jre/lib/libprism_es2.dylib
0x00007ff816398000 	/System/Library/PrivateFrameworks/CoreServicesInternal.framework/Versions/A/CoreServicesInternal
0x00007ffa2ca79000 	/System/Library/Frameworks/OpenGL.framework/Versions/A/Resources/GLEngine.bundle/GLEngine
0x00007ffa2c8df000 	/System/Library/Frameworks/OpenGL.framework/Versions/A/Libraries/libGLProgrammability.dylib
0x00007ffa218f5000 	/System/Library/Extensions/AppleIntelKBLGraphicsGLDriver.bundle/Contents/MacOS/AppleIntelKBLGraphicsGLDriver
0x00007ff923f46000 	/System/Library/PrivateFrameworks/GPUSupport.framework/Versions/A/Libraries/libGPUSupportMercury.dylib
0x000000010b24f000 	/System/Library/Extensions/AMDRadeonX6000GLDriver.bundle/Contents/MacOS/AMDRadeonX6000GLDriver
0x00007ffa30919000 	/System/Library/Extensions/AMDRadeonX6000GLDriver.bundle/Contents/MacOS/ATIRadeonX6000SCLib.dylib
0x00007ffa1ffb9000 	/System/Library/Extensions/AMDShared.bundle/Contents/PlugIns/libSC.dylib
0x00007ffa2cc03000 	/System/Library/Frameworks/OpenGL.framework/Versions/A/Resources/GLRendererFloat.bundle/GLRendererFloat
0x000000010b0ff000 	/Library/Java/JavaVirtualMachines/jdk1.8.0_281.jdk/Contents/Home/jre/lib/libglass.dylib
0x00007ff826036000 	/System/Library/Frameworks/FileProvider.framework/Versions/A/FileProvider
0x00007ff81a03a000 	/System/Library/Frameworks/Accounts.framework/Versions/A/Accounts
0x00007ff8261af000 	/System/Library/PrivateFrameworks/GenerationalStorage.framework/Versions/A/GenerationalStorage
0x00007ff826cbf000 	/System/Library/PrivateFrameworks/CoreSymbolication.framework/Versions/A/CoreSymbolication
0x00007ff825a3a000 	/System/Library/PrivateFrameworks/SymptomDiagnosticReporter.framework/Versions/A/SymptomDiagnosticReporter
0x00007ff817659000 	/System/Library/PrivateFrameworks/DesktopServicesPriv.framework/Versions/A/DesktopServicesPriv
0x00007ff8164d7000 	/usr/lib/libsandbox.1.dylib
0x00007ff81b386000 	/System/Library/PrivateFrameworks/UserManagement.framework/Versions/A/UserManagement
0x00007ff826c84000 	/System/Library/PrivateFrameworks/DebugSymbols.framework/Versions/A/DebugSymbols
0x00007ff8219a5000 	/System/Library/PrivateFrameworks/NetAuth.framework/Versions/A/NetAuth
0x00007ff8228b4000 	/System/Library/PrivateFrameworks/Sharing.framework/Versions/A/Sharing
0x00007ff81b359000 	/System/Library/PrivateFrameworks/login.framework/Versions/A/Frameworks/loginsupport.framework/Versions/A/loginsupport
0x00007ff827e22000 	/System/Library/PrivateFrameworks/Apple80211.framework/Versions/A/Apple80211
0x00007ff81e55f000 	/System/Library/PrivateFrameworks/AuthKit.framework/Versions/A/AuthKit
0x00007ff81dbb4000 	/System/Library/PrivateFrameworks/CoreUtils.framework/Versions/A/CoreUtils
0x00007ff81dadb000 	/System/Library/Frameworks/CoreWLAN.framework/Versions/A/CoreWLAN
0x00007ff822a13000 	/System/Library/Frameworks/IOBluetooth.framework/Versions/A/IOBluetooth
0x00007ff827e8a000 	/System/Library/PrivateFrameworks/CoreWiFi.framework/Versions/A/CoreWiFi
0x00007ff826859000 	/System/Library/PrivateFrameworks/FrontBoardServices.framework/Versions/A/FrontBoardServices
0x00007ff8268ea000 	/System/Library/PrivateFrameworks/BoardServices.framework/Versions/A/BoardServices
0x00007ff81ddc3000 	/System/Library/PrivateFrameworks/AssertionServices.framework/Versions/A/AssertionServices
0x00007ff82800d000 	/System/Library/PrivateFrameworks/BackBoardServices.framework/Versions/A/BackBoardServices
0x00007ff821dff000 	/System/Library/PrivateFrameworks/CorePhoneNumbers.framework/Versions/A/CorePhoneNumbers
0x00007ff8216c3000 	/System/Library/PrivateFrameworks/MultiverseSupport.framework/Versions/A/MultiverseSupport
0x00007ff828281000 	/System/Library/PrivateFrameworks/RemoteServiceDiscovery.framework/Versions/A/RemoteServiceDiscovery
0x00007ff825b57000 	/System/Library/PrivateFrameworks/DiskManagement.framework/Versions/A/DiskManagement
0x00007ff825a6b000 	/System/Library/PrivateFrameworks/AppleIDAuthSupport.framework/Versions/A/AppleIDAuthSupport
0x00007ffb141a3000 	/System/Library/PrivateFrameworks/AAAFoundation.framework/Versions/A/AAAFoundation
0x00007ff821de0000 	/System/Library/PrivateFrameworks/KeychainCircle.framework/Versions/A/KeychainCircle
0x00007ff828291000 	/System/Library/PrivateFrameworks/RemoteXPC.framework/Versions/A/RemoteXPC
0x00007ff825b23000 	/System/Library/PrivateFrameworks/MediaKit.framework/Versions/A/MediaKit
0x00007ff825a77000 	/System/Library/Frameworks/DiscRecording.framework/Versions/A/DiscRecording
0x00007ff81f3b5000 	/usr/lib/libCoreStorage.dylib
0x00007ff8282fc000 	/usr/lib/libcsfde.dylib
0x00007ff822ae0000 	/System/Library/PrivateFrameworks/ProtectedCloudStorage.framework/Versions/A/ProtectedCloudStorage
0x00007ff8282f8000 	/System/Library/PrivateFrameworks/EFILogin.framework/Versions/A/EFILogin
0x00007ff8261d5000 	/System/Library/PrivateFrameworks/OctagonTrust.framework/Versions/A/OctagonTrust
0x00007ffb18a8b000 	/System/Library/PrivateFrameworks/CoreUtilsExtras.framework/Versions/A/CoreUtilsExtras
0x00007ff82599e000 	/System/Library/Frameworks/CoreBluetooth.framework/Versions/A/CoreBluetooth
0x00007ff82898d000 	/System/Library/Frameworks/AudioUnit.framework/Versions/A/AudioUnit
0x00007ff81f3ad000 	/usr/lib/libMatch.1.dylib
0x00007ff91e3cf000 	/System/Library/Frameworks/Accelerate.framework/Versions/A/Frameworks/vImage.framework/Versions/A/Libraries/libCGInterfaces.dylib
0x000000010c5cd000 	/usr/lib/libobjc-trampolines.dylib
0x00007ff81b07e000 	/System/Library/PrivateFrameworks/ViewBridge.framework/Versions/A/ViewBridge
0x00007ff81fb03000 	/System/Library/PrivateFrameworks/login.framework/Versions/A/login
0x000000010e51a000 	/Library/Java/JavaVirtualMachines/jdk1.8.0_281.jdk/Contents/Home/jre/lib/libjavafx_font.dylib
0x000000010e73d000 	/Library/Java/JavaVirtualMachines/jdk1.8.0_281.jdk/Contents/Home/jre/lib/libjsound.dylib
0x000000010ea38000 	/System/Library/Components/CoreAudio.component/Contents/MacOS/CoreAudio
0x000000011074e000 	/Library/Java/JavaVirtualMachines/jdk1.8.0_281.jdk/Contents/Home/jre/lib/libprism_common.dylib

VM Arguments:
jvm_args: -javaagent:/Applications/IntelliJ IDEA.app/Contents/lib/idea_rt.jar=54758:/Applications/IntelliJ IDEA.app/Contents/bin -Dfile.encoding=UTF-8 
java_command: finalboss.Main
java_class_path (initial): /Library/Java/JavaVirtualMachines/jdk1.8.0_281.jdk/Contents/Home/jre/lib/charsets.jar:/Library/Java/JavaVirtualMachines/jdk1.8.0_281.jdk/Contents/Home/jre/lib/deploy.jar:/Library/Java/JavaVirtualMachines/jdk1.8.0_281.jdk/Contents/Home/jre/lib/ext/cldrdata.jar:/Library/Java/JavaVirtualMachines/jdk1.8.0_281.jdk/Contents/Home/jre/lib/ext/dnsns.jar:/Library/Java/JavaVirtualMachines/jdk1.8.0_281.jdk/Contents/Home/jre/lib/ext/jaccess.jar:/Library/Java/JavaVirtualMachines/jdk1.8.0_281.jdk/Contents/Home/jre/lib/ext/jfxrt.jar:/Library/Java/JavaVirtualMachines/jdk1.8.0_281.jdk/Contents/Home/jre/lib/ext/localedata.jar:/Library/Java/JavaVirtualMachines/jdk1.8.0_281.jdk/Contents/Home/jre/lib/ext/nashorn.jar:/Library/Java/JavaVirtualMachines/jdk1.8.0_281.jdk/Contents/Home/jre/lib/ext/sunec.jar:/Library/Java/JavaVirtualMachines/jdk1.8.0_281.jdk/Contents/Home/jre/lib/ext/sunjce_provider.jar:/Library/Java/JavaVirtualMachines/jdk1.8.0_281.jdk/Contents/Home/jre/lib/ext/sunpkcs11.jar:/Library/Java/JavaVirtualMachines/jdk1.8.0_281.jdk/Contents/Home/jre/lib/ext/zipfs.jar:/Library/Java/JavaVirtualMachines/jdk1.8.0_281.jdk/Contents/Home/jre/lib/javaws.jar:/Library/Java/JavaVirtualMachines/jdk1.8.0_281.jdk/Contents/Home/jre/lib/jce.jar:/Library/Java/JavaVirtualMachines/jdk1.8.0_281.jdk/Contents/Home/jre/lib/jfr.jar:/Library/Java/JavaVirtualMachines/jdk1.8.0_281.jdk/Contents/Home/jre/lib/jfxswt.jar:/Library/Java/JavaVirtualMachines/jdk1.8.0_281.jdk/Contents/Home/jre/lib/jsse.jar:/Library/Java/JavaVirtualMachines/jdk1.8.0_281.jdk/Contents/Home/jre/lib/management-agent.jar:/Library/Java/JavaVirtualMachines/jdk1.8.0_281.jdk/Contents/Home/jre/lib/plugin.jar:/Library/Java/JavaVirtualMachines/jdk1.8.0_281.jdk/Contents/Home/jre/lib/resources.jar:/Library/Java/JavaVirtualMachines/jdk1.8.0_281.jdk/Contents/Home/jre/lib/rt.jar:/Library/Java/JavaVirtualMachines/jdk1.8.0_281.jdk/Contents/Home/lib/ant-javafx.jar:/Library/Java/JavaVirtualMachines/jdk1.8.0_281.jdk/Contents/Home
Launcher Type: SUN_STANDARD

Environment Variables:
JAVA_HOME=/Library/Java/JavaVirtualMachines/temurin-11.jdk/Contents/Home
CLASSPATH=:/Users/sylviebartusek/Brown_University/spring2021/cs15/*:.
PATH=/Users/sylviebartusek/Brown_University/spring2023/enter/bin:/Users/sylviebartusek/Brown_University/spring2023/enter/condabin:/Library/Frameworks/Python.framework/Versions/3.7/bin:/Library/Frameworks/Python.framework/Versions/3.8/bin:/Library/Frameworks/Python.framework/Versions/2.7/bin:/Library/Frameworks/Python.framework/Versions/3.8/bin:/usr/local/bin:/usr/bin:/bin:/usr/sbin:/sbin:/Library/TeX/texbin
SHELL=/bin/bash

Signal Handlers:
SIGSEGV: [libjvm.dylib+0x5a1f9b], sa_mask[0]=11111111011111110111111111111111, sa_flags=SA_ONSTACK|SA_RESTART|SA_SIGINFO
SIGBUS: [libjvm.dylib+0x5a1f9b], sa_mask[0]=11111111011111110111111111111111, sa_flags=SA_RESTART|SA_SIGINFO
SIGFPE: [libjvm.dylib+0x492701], sa_mask[0]=11111111011111110111111111111111, sa_flags=SA_RESTART|SA_SIGINFO
SIGPIPE: [libjvm.dylib+0x492701], sa_mask[0]=11111111011111110111111111111111, sa_flags=SA_RESTART|SA_SIGINFO
SIGXFSZ: [libjvm.dylib+0x492701], sa_mask[0]=11111111011111110111111111111111, sa_flags=SA_RESTART|SA_SIGINFO
SIGILL: [libjvm.dylib+0x492701], sa_mask[0]=11111111011111110111111111111111, sa_flags=SA_RESTART|SA_SIGINFO
SIGUSR1: SIG_DFL, sa_mask[0]=00000000000000000000000000000000, sa_flags=none
SIGUSR2: [libjvm.dylib+0x492ffa], sa_mask[0]=00100000000000000000000000000000, sa_flags=SA_RESTART|SA_SIGINFO
SIGHUP: [libjvm.dylib+0x491209], sa_mask[0]=11111111011111110111111111111111, sa_flags=SA_RESTART|SA_SIGINFO
SIGINT: [libjvm.dylib+0x491209], sa_mask[0]=11111111011111110111111111111111, sa_flags=SA_RESTART|SA_SIGINFO
SIGTERM: [libjvm.dylib+0x491209], sa_mask[0]=11111111011111110111111111111111, sa_flags=SA_RESTART|SA_SIGINFO
SIGQUIT: [libjvm.dylib+0x491209], sa_mask[0]=11111111011111110111111111111111, sa_flags=SA_RESTART|SA_SIGINFO


---------------  S Y S T E M  ---------------

OS:Bsduname:Darwin 21.6.0 Darwin Kernel Version 21.6.0: Mon Aug 22 20:17:10 PDT 2022; root:xnu-8020.140.49~2/RELEASE_X86_64 x86_64
rlimit: STACK 8192k, CORE 0k, NPROC 5568, NOFILE 10240, AS infinity
load average:4.10 3.54 3.23

CPU:total 16 (initial active 16) (8 cores per cpu, 2 threads per core) family 6 model 158 stepping 13, cmov, cx8, fxsr, mmx, sse, sse2, sse3, ssse3, sse4.1, sse4.2, popcnt, avx, avx2, aes, clmul, erms, 3dnowpref, lzcnt, ht, tsc, tscinvbit, bmi1, bmi2, adx

Memory: 4k page, physical 33554432k(1591412k free)

/proc/meminfo:


vm_info: Java HotSpot(TM) 64-Bit Server VM (25.281-b09) for bsd-amd64 JRE (1.8.0_281-b09), built on Dec  9 2020 12:44:49 by "java_re" with gcc 4.2.1 Compatible Apple LLVM 10.0.0 (clang-1000.11.45.5)

time: Sat Dec  9 20:07:31 2023
timezone: EST
elapsed time: 1.147896 seconds (0d 0h 0m 1s)

